2025-07-31 22:47:28,089 - INFO - ğŸš€ Starting Comprehensive CI Pipeline
2025-07-31 22:47:28,089 - INFO - ============================================================
2025-07-31 22:47:28,089 - INFO - ğŸ” Detecting environment...
2025-07-31 22:47:30,724 - INFO - ğŸ’» Running in local environment
2025-07-31 22:47:30,724 - INFO - ğŸ“Š Environment: {'platform': 'darwin', 'python_version': '3.10.18 | packaged by conda-forge | (main, Jun  4 2025, 14:46:25) [Clang 18.1.8 ]', 'is_colab': False, 'gpu_available': False, 'conda_env': 'samo-dl'}
2025-07-31 22:47:30,724 - INFO - ğŸ“¦ Validating dependencies...
2025-07-31 22:47:30,724 - INFO - âœ… torch available
2025-07-31 22:47:31,528 - INFO - âœ… transformers available
2025-07-31 22:47:31,759 - INFO - âœ… fastapi available
2025-07-31 22:47:31,759 - INFO - âœ… pydantic available
2025-07-31 22:47:32,571 - INFO - PyTorch version 2.1.2 available.
2025-07-31 22:47:32,854 - INFO - âœ… datasets available
2025-07-31 22:47:32,873 - INFO - âœ… tokenizers available
2025-07-31 22:47:32,873 - INFO - âœ… numpy available
2025-07-31 22:47:32,873 - INFO - âœ… pandas available
2025-07-31 22:47:32,873 - INFO - âœ… All dependencies validated
2025-07-31 22:47:32,873 - INFO - ğŸš€ Running scripts/ci/api_health_check.py...
2025-07-31 22:47:33,197 - INFO - âœ… scripts/ci/api_health_check.py PASSED
2025-07-31 22:47:33,197 - INFO - ğŸš€ Running scripts/ci/bert_model_test.py...
2025-07-31 22:47:39,583 - INFO - âœ… scripts/ci/bert_model_test.py PASSED
2025-07-31 22:47:39,583 - INFO - ğŸš€ Running scripts/ci/t5_summarization_test.py...
2025-07-31 22:47:47,223 - INFO - âœ… scripts/ci/t5_summarization_test.py PASSED
2025-07-31 22:47:47,224 - INFO - ğŸš€ Running scripts/ci/whisper_transcription_test.py...
2025-07-31 22:47:51,516 - INFO - âœ… scripts/ci/whisper_transcription_test.py PASSED
2025-07-31 22:47:51,517 - INFO - ğŸš€ Running scripts/ci/model_calibration_test.py...
2025-07-31 22:47:58,167 - INFO - âœ… scripts/ci/model_calibration_test.py PASSED
2025-07-31 22:47:58,167 - INFO - ğŸš€ Running scripts/ci/onnx_conversion_test.py...
2025-07-31 22:47:59,239 - INFO - âœ… scripts/ci/onnx_conversion_test.py PASSED
2025-07-31 22:47:59,239 - INFO - ğŸ§ª Running unit tests...
2025-07-31 22:48:07,232 - INFO - âœ… Unit tests PASSED
2025-07-31 22:48:07,233 - INFO - ğŸ¯ Running E2E tests...
2025-07-31 22:48:11,650 - INFO - âœ… E2E tests PASSED
2025-07-31 22:48:11,650 - INFO - ğŸ–¥ï¸ Testing GPU compatibility...
2025-07-31 22:48:11,650 - INFO - â„¹ï¸ No GPU available, skipping GPU tests
2025-07-31 22:48:11,650 - INFO - âš¡ Running performance benchmarks...
2025-07-31 22:48:11,651 - ERROR - âŒ Performance benchmark failed: No module named 'src'
2025-07-31 22:48:11,651 - INFO - ğŸ“Š Generating CI Report
2025-07-31 22:48:11,651 - INFO - ============================================================
2025-07-31 22:48:11,651 - ERROR - âŒ CI Pipeline failed!
2025-07-31 22:48:34,088 - INFO - ğŸš€ Starting Comprehensive CI Pipeline
2025-07-31 22:48:34,089 - INFO - ============================================================
2025-07-31 22:48:34,089 - INFO - ğŸ” Detecting environment...
2025-07-31 22:48:36,463 - INFO - ğŸ’» Running in local environment
2025-07-31 22:48:36,463 - INFO - ğŸ“Š Environment: {'platform': 'darwin', 'python_version': '3.10.18 | packaged by conda-forge | (main, Jun  4 2025, 14:46:25) [Clang 18.1.8 ]', 'is_colab': False, 'gpu_available': False, 'conda_env': 'samo-dl'}
2025-07-31 22:48:36,463 - INFO - ğŸ“¦ Validating dependencies...
2025-07-31 22:48:36,463 - INFO - âœ… torch available
2025-07-31 22:48:37,153 - INFO - âœ… transformers available
2025-07-31 22:48:37,424 - INFO - âœ… fastapi available
2025-07-31 22:48:37,424 - INFO - âœ… pydantic available
2025-07-31 22:48:38,166 - INFO - PyTorch version 2.1.2 available.
2025-07-31 22:48:38,423 - INFO - âœ… datasets available
2025-07-31 22:48:38,443 - INFO - âœ… tokenizers available
2025-07-31 22:48:38,443 - INFO - âœ… numpy available
2025-07-31 22:48:38,443 - INFO - âœ… pandas available
2025-07-31 22:48:38,443 - INFO - âœ… All dependencies validated
2025-07-31 22:48:38,443 - INFO - ğŸš€ Running scripts/ci/api_health_check.py...
2025-07-31 22:48:38,769 - INFO - âœ… scripts/ci/api_health_check.py PASSED
2025-07-31 22:48:38,770 - INFO - ğŸš€ Running scripts/ci/bert_model_test.py...
2025-07-31 22:48:45,354 - INFO - âœ… scripts/ci/bert_model_test.py PASSED
2025-07-31 22:48:45,355 - INFO - ğŸš€ Running scripts/ci/t5_summarization_test.py...
2025-07-31 22:48:53,110 - INFO - âœ… scripts/ci/t5_summarization_test.py PASSED
2025-07-31 22:48:53,111 - INFO - ğŸš€ Running scripts/ci/whisper_transcription_test.py...
2025-07-31 22:48:57,639 - INFO - âœ… scripts/ci/whisper_transcription_test.py PASSED
2025-07-31 22:48:57,640 - INFO - ğŸš€ Running scripts/ci/model_calibration_test.py...
2025-07-31 22:49:03,886 - INFO - âœ… scripts/ci/model_calibration_test.py PASSED
2025-07-31 22:49:03,887 - INFO - ğŸš€ Running scripts/ci/onnx_conversion_test.py...
2025-07-31 22:49:04,952 - INFO - âœ… scripts/ci/onnx_conversion_test.py PASSED
2025-07-31 22:49:04,952 - INFO - ğŸ§ª Running unit tests...
2025-07-31 22:49:12,972 - INFO - âœ… Unit tests PASSED
2025-07-31 22:49:12,973 - INFO - ğŸ¯ Running E2E tests...
2025-07-31 22:49:17,376 - INFO - âœ… E2E tests PASSED
2025-07-31 22:49:17,376 - INFO - ğŸ–¥ï¸ Testing GPU compatibility...
2025-07-31 22:49:17,376 - INFO - â„¹ï¸ No GPU available, skipping GPU tests
2025-07-31 22:49:17,376 - INFO - âš¡ Running performance benchmarks...
2025-07-31 22:49:17,402 - ERROR - âŒ Performance benchmark failed: attempted relative import with no known parent package
2025-07-31 22:49:17,402 - INFO - ğŸ“Š Generating CI Report
2025-07-31 22:49:17,402 - INFO - ============================================================
2025-07-31 22:49:17,403 - ERROR - âŒ CI Pipeline failed!
2025-07-31 22:49:38,619 - INFO - ğŸš€ Starting Comprehensive CI Pipeline
2025-07-31 22:49:38,620 - INFO - ============================================================
2025-07-31 22:49:38,620 - INFO - ğŸ” Detecting environment...
2025-07-31 22:49:40,981 - INFO - ğŸ’» Running in local environment
2025-07-31 22:49:40,981 - INFO - ğŸ“Š Environment: {'platform': 'darwin', 'python_version': '3.10.18 | packaged by conda-forge | (main, Jun  4 2025, 14:46:25) [Clang 18.1.8 ]', 'is_colab': False, 'gpu_available': False, 'conda_env': 'samo-dl'}
2025-07-31 22:49:40,981 - INFO - ğŸ“¦ Validating dependencies...
2025-07-31 22:49:40,981 - INFO - âœ… torch available
2025-07-31 22:49:41,676 - INFO - âœ… transformers available
2025-07-31 22:49:41,879 - INFO - âœ… fastapi available
2025-07-31 22:49:41,879 - INFO - âœ… pydantic available
2025-07-31 22:49:42,637 - INFO - PyTorch version 2.1.2 available.
2025-07-31 22:49:42,886 - INFO - âœ… datasets available
2025-07-31 22:49:42,905 - INFO - âœ… tokenizers available
2025-07-31 22:49:42,906 - INFO - âœ… numpy available
2025-07-31 22:49:42,906 - INFO - âœ… pandas available
2025-07-31 22:49:42,906 - INFO - âœ… All dependencies validated
2025-07-31 22:49:42,906 - INFO - ğŸš€ Running scripts/ci/api_health_check.py...
2025-07-31 22:49:43,232 - INFO - âœ… scripts/ci/api_health_check.py PASSED
2025-07-31 22:49:43,233 - INFO - ğŸš€ Running scripts/ci/bert_model_test.py...
2025-07-31 22:49:49,591 - INFO - âœ… scripts/ci/bert_model_test.py PASSED
2025-07-31 22:49:49,592 - INFO - ğŸš€ Running scripts/ci/t5_summarization_test.py...
2025-07-31 22:49:57,793 - INFO - âœ… scripts/ci/t5_summarization_test.py PASSED
2025-07-31 22:49:57,794 - INFO - ğŸš€ Running scripts/ci/whisper_transcription_test.py...
2025-07-31 22:50:02,237 - INFO - âœ… scripts/ci/whisper_transcription_test.py PASSED
2025-07-31 22:50:02,238 - INFO - ğŸš€ Running scripts/ci/model_calibration_test.py...
2025-07-31 22:50:08,761 - INFO - âœ… scripts/ci/model_calibration_test.py PASSED
2025-07-31 22:50:08,762 - INFO - ğŸš€ Running scripts/ci/onnx_conversion_test.py...
2025-07-31 22:50:09,834 - INFO - âœ… scripts/ci/onnx_conversion_test.py PASSED
2025-07-31 22:50:09,834 - INFO - ğŸ§ª Running unit tests...
2025-07-31 22:50:17,772 - INFO - âœ… Unit tests PASSED
2025-07-31 22:50:17,773 - INFO - ğŸ¯ Running E2E tests...
2025-07-31 22:50:22,296 - INFO - âœ… E2E tests PASSED
2025-07-31 22:50:22,297 - INFO - ğŸ–¥ï¸ Testing GPU compatibility...
2025-07-31 22:50:22,297 - INFO - â„¹ï¸ No GPU available, skipping GPU tests
2025-07-31 22:50:22,297 - INFO - âš¡ Running performance benchmarks...
2025-07-31 22:50:25,432 - INFO - âœ… Model loading time: 2.40s
2025-07-31 22:50:25,432 - INFO - âœ… Inference time: 0.74s
2025-07-31 22:50:25,432 - INFO - âœ… Performance benchmarks passed
2025-07-31 22:50:25,444 - INFO - ğŸ“Š Generating CI Report
2025-07-31 22:50:25,444 - INFO - ============================================================
2025-07-31 22:50:25,444 - INFO - ğŸ‰ CI Pipeline completed successfully!
2025-07-31 23:34:18,556 - INFO - ğŸš€ Starting Comprehensive CI Pipeline
2025-07-31 23:34:18,556 - INFO - ============================================================
2025-07-31 23:34:18,556 - INFO - ğŸ” Detecting environment...
2025-07-31 23:34:19,370 - INFO - ğŸ’» Running in local environment
2025-07-31 23:34:19,370 - INFO - ğŸ“Š Environment: {'platform': 'darwin', 'python_version': '3.11.13 (main, Jun  5 2025, 08:14:07) [Clang 14.0.6 ]', 'is_colab': False, 'gpu_available': False, 'conda_env': 'samo-dl-stable'}
2025-07-31 23:34:19,370 - INFO - ğŸ“¦ Validating dependencies...
2025-07-31 23:34:19,370 - INFO - âœ… torch available
2025-07-31 23:34:19,984 - INFO - âœ… transformers available
2025-07-31 23:34:19,984 - ERROR - âŒ fastapi missing
2025-07-31 23:34:19,984 - ERROR - âŒ pydantic missing
2025-07-31 23:34:19,984 - ERROR - âŒ datasets missing
2025-07-31 23:34:19,997 - INFO - âœ… tokenizers available
2025-07-31 23:34:19,997 - INFO - âœ… numpy available
2025-07-31 23:34:19,998 - ERROR - âŒ pandas missing
2025-07-31 23:34:19,998 - ERROR - âŒ Missing packages: ['fastapi', 'pydantic', 'datasets', 'pandas']
2025-07-31 23:34:19,998 - INFO - ğŸš€ Running scripts/ci/api_health_check.py...
2025-07-31 23:34:20,077 - ERROR - âŒ scripts/ci/api_health_check.py FAILED
2025-07-31 23:34:20,077 - ERROR - Error output: Traceback (most recent call last):
  File "/Users/minervae/Projects/SAMO--GENERAL/SAMO--DL/scripts/ci/api_health_check.py", line 17, in <module>
    from api_rate_limiter import RateLimitCache
  File "/Users/minervae/Projects/SAMO--GENERAL/SAMO--DL/src/api_rate_limiter.py", line 22, in <module>
    from fastapi import FastAPI, Request, Response
ModuleNotFoundError: No module named 'fastapi'

2025-07-31 23:34:20,077 - ERROR - âŒ api_health_check failed, but continuing...
2025-07-31 23:34:20,077 - INFO - ğŸš€ Running scripts/ci/bert_model_test.py...
2025-07-31 23:34:22,746 - ERROR - âŒ scripts/ci/bert_model_test.py FAILED
2025-07-31 23:34:22,746 - ERROR - Error output: Traceback (most recent call last):
  File "/Users/minervae/Projects/SAMO--GENERAL/SAMO--DL/scripts/ci/bert_model_test.py", line 17, in <module>
    from models.emotion_detection.bert_classifier import BERTEmotionClassifier
  File "/Users/minervae/Projects/SAMO--GENERAL/SAMO--DL/src/models/emotion_detection/bert_classifier.py", line 20, in <module>
    from .dataset_loader import GOEMOTIONS_EMOTIONS
  File "/Users/minervae/Projects/SAMO--GENERAL/SAMO--DL/src/models/emotion_detection/dataset_loader.py", line 21, in <module>
    from datasets import load_dataset
ModuleNotFoundError: No module named 'datasets'

2025-07-31 23:34:22,746 - ERROR - âŒ bert_model_test failed, but continuing...
2025-07-31 23:34:22,746 - INFO - ğŸš€ Running scripts/ci/t5_summarization_test.py...
2025-07-31 23:34:25,781 - ERROR - âŒ scripts/ci/t5_summarization_test.py FAILED
2025-07-31 23:34:25,781 - ERROR - Error output: INFO:__main__:ğŸš€ Starting T5 Model Tests...
INFO:__main__:ğŸ§ª Running T5 Model Loading...
INFO:__main__:ğŸ¤– Testing T5 summarization model loading...
INFO:models.summarization.t5_summarizer:Initializing {self.model_name} summarization model...
ERROR:__main__:âŒ T5 model loading failed: 
T5Tokenizer requires the SentencePiece library but it was not found in your environment. Check out the instructions on the
installation page of its repo: https://github.com/google/sentencepiece#installation and follow the ones
that match your environment. Please note that you may need to restart your runtime after installation.

ERROR:__main__:âŒ T5 Model Loading failed
INFO:__main__:ğŸ§ª Running T5 Summarization...
INFO:__main__:ğŸ“ Testing T5 summarization functionality...
INFO:models.summarization.t5_summarizer:Initializing {self.model_name} summarization model...
ERROR:__main__:âŒ T5 summarization test failed: 
T5Tokenizer requires the SentencePiece library but it was not found in your environment. Check out the instructions on the
installation page of its repo: https://github.com/google/sentencepiece#installation and follow the ones
that match your environment. Please note that you may need to restart your runtime after installation.

ERROR:__main__:âŒ T5 Summarization failed
INFO:__main__:ğŸ“Š Test Results: 0/2 tests passed
ERROR:__main__:ğŸ’¥ Some T5 model tests failed!

2025-07-31 23:34:25,781 - ERROR - âŒ t5_summarization_test failed, but continuing...
2025-07-31 23:34:25,782 - INFO - ğŸš€ Running scripts/ci/whisper_transcription_test.py...
2025-07-31 23:34:28,774 - INFO - âœ… scripts/ci/whisper_transcription_test.py PASSED
2025-07-31 23:34:28,774 - INFO - ğŸš€ Running scripts/ci/model_calibration_test.py...
2025-07-31 23:34:33,293 - INFO - âœ… scripts/ci/model_calibration_test.py PASSED
2025-07-31 23:34:33,293 - INFO - ğŸš€ Running scripts/ci/onnx_conversion_test.py...
2025-07-31 23:34:33,438 - ERROR - âŒ scripts/ci/onnx_conversion_test.py FAILED
2025-07-31 23:34:33,439 - ERROR - Error output: Traceback (most recent call last):
  File "/Users/minervae/Projects/SAMO--GENERAL/SAMO--DL/scripts/ci/onnx_conversion_test.py", line 16, in <module>
    from onnx import helper
ModuleNotFoundError: No module named 'onnx'

2025-07-31 23:34:33,439 - ERROR - âŒ onnx_conversion_test failed, but continuing...
2025-07-31 23:34:33,439 - INFO - ğŸ§ª Running unit tests...
2025-07-31 23:34:33,489 - ERROR - âŒ Unit tests FAILED
2025-07-31 23:34:33,489 - ERROR - Error output: /Users/minervae/miniconda3/envs/samo-dl-stable/bin/python: No module named pytest

2025-07-31 23:34:33,489 - INFO - ğŸ¯ Running E2E tests...
2025-07-31 23:34:33,538 - ERROR - âŒ E2E tests FAILED
2025-07-31 23:34:33,538 - ERROR - Error output: /Users/minervae/miniconda3/envs/samo-dl-stable/bin/python: No module named pytest

2025-07-31 23:34:33,538 - INFO - ğŸ–¥ï¸ Testing GPU compatibility...
2025-07-31 23:34:33,538 - INFO - â„¹ï¸ No GPU available, skipping GPU tests
2025-07-31 23:34:33,538 - INFO - âš¡ Running performance benchmarks...
2025-07-31 23:34:34,449 - ERROR - âŒ Performance benchmark failed: No module named 'datasets'
2025-07-31 23:34:34,449 - INFO - ğŸ“Š Generating CI Report
2025-07-31 23:34:34,450 - INFO - ============================================================
2025-07-31 23:34:34,450 - ERROR - âŒ CI Pipeline failed!
2025-07-31 23:34:53,969 - INFO - ğŸš€ Starting Comprehensive CI Pipeline
2025-07-31 23:34:53,970 - INFO - ============================================================
2025-07-31 23:34:53,970 - INFO - ğŸ” Detecting environment...
2025-07-31 23:34:55,631 - INFO - ğŸ’» Running in local environment
2025-07-31 23:34:55,631 - INFO - ğŸ“Š Environment: {'platform': 'darwin', 'python_version': '3.11.13 (main, Jun  5 2025, 08:14:07) [Clang 14.0.6 ]', 'is_colab': False, 'gpu_available': False, 'conda_env': 'samo-dl-stable'}
2025-07-31 23:34:55,631 - INFO - ğŸ“¦ Validating dependencies...
2025-07-31 23:34:55,631 - INFO - âœ… torch available
2025-07-31 23:34:56,267 - INFO - âœ… transformers available
2025-07-31 23:34:57,319 - INFO - âœ… fastapi available
2025-07-31 23:34:57,319 - INFO - âœ… pydantic available
2025-07-31 23:35:19,239 - INFO - âœ… datasets available
2025-07-31 23:35:19,255 - INFO - âœ… tokenizers available
2025-07-31 23:35:19,255 - INFO - âœ… numpy available
2025-07-31 23:35:19,255 - INFO - âœ… pandas available
2025-07-31 23:35:19,255 - INFO - âœ… All dependencies validated
2025-07-31 23:35:19,255 - INFO - ğŸš€ Running scripts/ci/api_health_check.py...
2025-07-31 23:35:19,577 - INFO - âœ… scripts/ci/api_health_check.py PASSED
2025-07-31 23:35:19,578 - INFO - ğŸš€ Running scripts/ci/bert_model_test.py...
2025-07-31 23:35:28,238 - INFO - âœ… scripts/ci/bert_model_test.py PASSED
2025-07-31 23:35:28,239 - INFO - ğŸš€ Running scripts/ci/t5_summarization_test.py...
2025-07-31 23:35:36,598 - INFO - âœ… scripts/ci/t5_summarization_test.py PASSED
2025-07-31 23:35:36,599 - INFO - ğŸš€ Running scripts/ci/whisper_transcription_test.py...
2025-07-31 23:35:40,913 - INFO - âœ… scripts/ci/whisper_transcription_test.py PASSED
2025-07-31 23:35:40,913 - INFO - ğŸš€ Running scripts/ci/model_calibration_test.py...
2025-07-31 23:35:46,724 - INFO - âœ… scripts/ci/model_calibration_test.py PASSED
2025-07-31 23:35:46,725 - INFO - ğŸš€ Running scripts/ci/onnx_conversion_test.py...
2025-07-31 23:35:46,967 - INFO - âœ… scripts/ci/onnx_conversion_test.py PASSED
2025-07-31 23:35:46,967 - INFO - ğŸ§ª Running unit tests...
2025-07-31 23:35:48,555 - ERROR - âŒ Unit tests FAILED
2025-07-31 23:35:48,555 - ERROR - Error output: ImportError while loading conftest '/Users/minervae/Projects/SAMO--GENERAL/SAMO--DL/tests/conftest.py'.
tests/conftest.py:4: in <module>
    from fastapi.testclient import TestClient
../../../miniconda3/envs/samo-dl-stable/lib/python3.11/site-packages/fastapi/testclient.py:1: in <module>
    from starlette.testclient import TestClient as TestClient  # noqa
    ^^^^^^^^^^^^^^^^^^^^^^^^^^^^^^^^^^^^^^^^^^^^^^^^^^^^^^^^^
../../../miniconda3/envs/samo-dl-stable/lib/python3.11/site-packages/starlette/testclient.py:46: in <module>
    raise RuntimeError(
E   RuntimeError: The starlette.testclient module requires the httpx package to be installed.
E   You can install this with:
E       $ pip install httpx

2025-07-31 23:35:48,555 - INFO - ğŸ¯ Running E2E tests...
2025-07-31 23:35:49,110 - ERROR - âŒ E2E tests FAILED
2025-07-31 23:35:49,110 - ERROR - Error output: ImportError while loading conftest '/Users/minervae/Projects/SAMO--GENERAL/SAMO--DL/tests/conftest.py'.
tests/conftest.py:4: in <module>
    from fastapi.testclient import TestClient
../../../miniconda3/envs/samo-dl-stable/lib/python3.11/site-packages/fastapi/testclient.py:1: in <module>
    from starlette.testclient import TestClient as TestClient  # noqa
    ^^^^^^^^^^^^^^^^^^^^^^^^^^^^^^^^^^^^^^^^^^^^^^^^^^^^^^^^^
../../../miniconda3/envs/samo-dl-stable/lib/python3.11/site-packages/starlette/testclient.py:46: in <module>
    raise RuntimeError(
E   RuntimeError: The starlette.testclient module requires the httpx package to be installed.
E   You can install this with:
E       $ pip install httpx

2025-07-31 23:35:49,110 - INFO - ğŸ–¥ï¸ Testing GPU compatibility...
2025-07-31 23:35:49,110 - INFO - â„¹ï¸ No GPU available, skipping GPU tests
2025-07-31 23:35:49,110 - INFO - âš¡ Running performance benchmarks...
2025-07-31 23:35:52,291 - INFO - âœ… Model loading time: 2.72s
2025-07-31 23:35:52,291 - INFO - âœ… Inference time: 0.46s
2025-07-31 23:35:52,291 - INFO - âœ… Performance benchmarks passed
2025-07-31 23:35:52,303 - INFO - ğŸ“Š Generating CI Report
2025-07-31 23:35:52,303 - INFO - ============================================================
2025-07-31 23:35:52,303 - ERROR - âŒ CI Pipeline failed!
2025-07-31 23:36:01,132 - INFO - ğŸš€ Starting Comprehensive CI Pipeline
2025-07-31 23:36:01,133 - INFO - ============================================================
2025-07-31 23:36:01,133 - INFO - ğŸ” Detecting environment...
2025-07-31 23:36:01,959 - INFO - ğŸ’» Running in local environment
2025-07-31 23:36:01,959 - INFO - ğŸ“Š Environment: {'platform': 'darwin', 'python_version': '3.11.13 (main, Jun  5 2025, 08:14:07) [Clang 14.0.6 ]', 'is_colab': False, 'gpu_available': False, 'conda_env': 'samo-dl-stable'}
2025-07-31 23:36:01,959 - INFO - ğŸ“¦ Validating dependencies...
2025-07-31 23:36:01,959 - INFO - âœ… torch available
2025-07-31 23:36:02,376 - INFO - âœ… transformers available
2025-07-31 23:36:02,525 - INFO - âœ… fastapi available
2025-07-31 23:36:02,525 - INFO - âœ… pydantic available
2025-07-31 23:36:03,272 - INFO - âœ… datasets available
2025-07-31 23:36:03,289 - INFO - âœ… tokenizers available
2025-07-31 23:36:03,289 - INFO - âœ… numpy available
2025-07-31 23:36:03,289 - INFO - âœ… pandas available
2025-07-31 23:36:03,289 - INFO - âœ… All dependencies validated
2025-07-31 23:36:03,289 - INFO - ğŸš€ Running scripts/ci/api_health_check.py...
2025-07-31 23:36:03,580 - INFO - âœ… scripts/ci/api_health_check.py PASSED
2025-07-31 23:36:03,580 - INFO - ğŸš€ Running scripts/ci/bert_model_test.py...
2025-07-31 23:36:09,256 - INFO - âœ… scripts/ci/bert_model_test.py PASSED
2025-07-31 23:36:09,257 - INFO - ğŸš€ Running scripts/ci/t5_summarization_test.py...
2025-07-31 23:36:16,123 - INFO - âœ… scripts/ci/t5_summarization_test.py PASSED
2025-07-31 23:36:16,124 - INFO - ğŸš€ Running scripts/ci/whisper_transcription_test.py...
2025-07-31 23:36:19,273 - INFO - âœ… scripts/ci/whisper_transcription_test.py PASSED
2025-07-31 23:36:19,273 - INFO - ğŸš€ Running scripts/ci/model_calibration_test.py...
2025-07-31 23:36:24,185 - INFO - âœ… scripts/ci/model_calibration_test.py PASSED
2025-07-31 23:36:24,185 - INFO - ğŸš€ Running scripts/ci/onnx_conversion_test.py...
2025-07-31 23:36:24,512 - INFO - âœ… scripts/ci/onnx_conversion_test.py PASSED
2025-07-31 23:36:24,512 - INFO - ğŸ§ª Running unit tests...
2025-07-31 23:36:25,122 - ERROR - âŒ Unit tests FAILED
2025-07-31 23:36:25,122 - ERROR - Error output: ImportError while loading conftest '/Users/minervae/Projects/SAMO--GENERAL/SAMO--DL/tests/conftest.py'.
tests/conftest.py:6: in <module>
    from src.unified_ai_api import app
src/unified_ai_api.py:17: in <module>
    import uvicorn
E   ModuleNotFoundError: No module named 'uvicorn'

2025-07-31 23:36:25,122 - INFO - ğŸ¯ Running E2E tests...
2025-07-31 23:36:25,738 - ERROR - âŒ E2E tests FAILED
2025-07-31 23:36:25,739 - ERROR - Error output: ImportError while loading conftest '/Users/minervae/Projects/SAMO--GENERAL/SAMO--DL/tests/conftest.py'.
tests/conftest.py:6: in <module>
    from src.unified_ai_api import app
src/unified_ai_api.py:17: in <module>
    import uvicorn
E   ModuleNotFoundError: No module named 'uvicorn'

2025-07-31 23:36:25,739 - INFO - ğŸ–¥ï¸ Testing GPU compatibility...
2025-07-31 23:36:25,739 - INFO - â„¹ï¸ No GPU available, skipping GPU tests
2025-07-31 23:36:25,739 - INFO - âš¡ Running performance benchmarks...
2025-07-31 23:36:28,639 - INFO - âœ… Model loading time: 2.45s
2025-07-31 23:36:28,639 - INFO - âœ… Inference time: 0.45s
2025-07-31 23:36:28,639 - INFO - âœ… Performance benchmarks passed
2025-07-31 23:36:28,651 - INFO - ğŸ“Š Generating CI Report
2025-07-31 23:36:28,651 - INFO - ============================================================
2025-07-31 23:36:28,652 - ERROR - âŒ CI Pipeline failed!
2025-07-31 23:36:36,752 - INFO - ğŸš€ Starting Comprehensive CI Pipeline
2025-07-31 23:36:36,752 - INFO - ============================================================
2025-07-31 23:36:36,752 - INFO - ğŸ” Detecting environment...
2025-07-31 23:36:37,576 - INFO - ğŸ’» Running in local environment
2025-07-31 23:36:37,576 - INFO - ğŸ“Š Environment: {'platform': 'darwin', 'python_version': '3.11.13 (main, Jun  5 2025, 08:14:07) [Clang 14.0.6 ]', 'is_colab': False, 'gpu_available': False, 'conda_env': 'samo-dl-stable'}
2025-07-31 23:36:37,576 - INFO - ğŸ“¦ Validating dependencies...
2025-07-31 23:36:37,577 - INFO - âœ… torch available
2025-07-31 23:36:38,163 - INFO - âœ… transformers available
2025-07-31 23:36:38,311 - INFO - âœ… fastapi available
2025-07-31 23:36:38,312 - INFO - âœ… pydantic available
2025-07-31 23:36:38,985 - INFO - âœ… datasets available
2025-07-31 23:36:38,994 - INFO - âœ… tokenizers available
2025-07-31 23:36:38,994 - INFO - âœ… numpy available
2025-07-31 23:36:38,994 - INFO - âœ… pandas available
2025-07-31 23:36:38,994 - INFO - âœ… All dependencies validated
2025-07-31 23:36:38,994 - INFO - ğŸš€ Running scripts/ci/api_health_check.py...
2025-07-31 23:36:39,269 - INFO - âœ… scripts/ci/api_health_check.py PASSED
2025-07-31 23:36:39,270 - INFO - ğŸš€ Running scripts/ci/bert_model_test.py...
2025-07-31 23:36:44,539 - INFO - âœ… scripts/ci/bert_model_test.py PASSED
2025-07-31 23:36:44,540 - INFO - ğŸš€ Running scripts/ci/t5_summarization_test.py...
2025-07-31 23:36:51,235 - INFO - âœ… scripts/ci/t5_summarization_test.py PASSED
2025-07-31 23:36:51,236 - INFO - ğŸš€ Running scripts/ci/whisper_transcription_test.py...
2025-07-31 23:36:54,374 - INFO - âœ… scripts/ci/whisper_transcription_test.py PASSED
2025-07-31 23:36:54,374 - INFO - ğŸš€ Running scripts/ci/model_calibration_test.py...
2025-07-31 23:36:59,934 - INFO - âœ… scripts/ci/model_calibration_test.py PASSED
2025-07-31 23:36:59,936 - INFO - ğŸš€ Running scripts/ci/onnx_conversion_test.py...
2025-07-31 23:37:00,190 - INFO - âœ… scripts/ci/onnx_conversion_test.py PASSED
2025-07-31 23:37:00,191 - INFO - ğŸ§ª Running unit tests...
2025-07-31 23:37:00,994 - ERROR - âŒ Unit tests FAILED
2025-07-31 23:37:00,995 - ERROR - Error output: ERROR:fastapi:Form data requires "python-multipart" to be installed. 
You can install "python-multipart" with: 

pip install python-multipart

ImportError while loading conftest '/Users/minervae/Projects/SAMO--GENERAL/SAMO--DL/tests/conftest.py'.
tests/conftest.py:6: in <module>
    from src.unified_ai_api import app
src/unified_ai_api.py:356: in <module>
    @app.post(
../../../miniconda3/envs/samo-dl-stable/lib/python3.11/site-packages/fastapi/routing.py:995: in decorator
    self.add_api_route(
../../../miniconda3/envs/samo-dl-stable/lib/python3.11/site-packages/fastapi/routing.py:934: in add_api_route
    route = route_class(
../../../miniconda3/envs/samo-dl-stable/lib/python3.11/site-packages/fastapi/routing.py:555: in __init__
    self.dependant = get_dependant(path=self.path_format, call=self.endpoint)
                     ^^^^^^^^^^^^^^^^^^^^^^^^^^^^^^^^^^^^^^^^^^^^^^^^^^^^^^^^
../../../miniconda3/envs/samo-dl-stable/lib/python3.11/site-packages/fastapi/dependencies/utils.py:285: in get_dependant
    param_details = analyze_param(
../../../miniconda3/envs/samo-dl-stable/lib/python3.11/site-packages/fastapi/dependencies/utils.py:482: in analyze_param
    ensure_multipart_is_installed()
../../../miniconda3/envs/samo-dl-stable/lib/python3.11/site-packages/fastapi/dependencies/utils.py:115: in ensure_multipart_is_installed
    raise RuntimeError(multipart_not_installed_error) from None
E   RuntimeError: Form data requires "python-multipart" to be installed.
E   You can install "python-multipart" with:
E
E   pip install python-multipart

2025-07-31 23:37:00,995 - INFO - ğŸ¯ Running E2E tests...
2025-07-31 23:37:01,716 - ERROR - âŒ E2E tests FAILED
2025-07-31 23:37:01,716 - ERROR - Error output: ERROR:fastapi:Form data requires "python-multipart" to be installed. 
You can install "python-multipart" with: 

pip install python-multipart

ImportError while loading conftest '/Users/minervae/Projects/SAMO--GENERAL/SAMO--DL/tests/conftest.py'.
tests/conftest.py:6: in <module>
    from src.unified_ai_api import app
src/unified_ai_api.py:356: in <module>
    @app.post(
../../../miniconda3/envs/samo-dl-stable/lib/python3.11/site-packages/fastapi/routing.py:995: in decorator
    self.add_api_route(
../../../miniconda3/envs/samo-dl-stable/lib/python3.11/site-packages/fastapi/routing.py:934: in add_api_route
    route = route_class(
../../../miniconda3/envs/samo-dl-stable/lib/python3.11/site-packages/fastapi/routing.py:555: in __init__
    self.dependant = get_dependant(path=self.path_format, call=self.endpoint)
                     ^^^^^^^^^^^^^^^^^^^^^^^^^^^^^^^^^^^^^^^^^^^^^^^^^^^^^^^^
../../../miniconda3/envs/samo-dl-stable/lib/python3.11/site-packages/fastapi/dependencies/utils.py:285: in get_dependant
    param_details = analyze_param(
../../../miniconda3/envs/samo-dl-stable/lib/python3.11/site-packages/fastapi/dependencies/utils.py:482: in analyze_param
    ensure_multipart_is_installed()
../../../miniconda3/envs/samo-dl-stable/lib/python3.11/site-packages/fastapi/dependencies/utils.py:115: in ensure_multipart_is_installed
    raise RuntimeError(multipart_not_installed_error) from None
E   RuntimeError: Form data requires "python-multipart" to be installed.
E   You can install "python-multipart" with:
E
E   pip install python-multipart

2025-07-31 23:37:01,716 - INFO - ğŸ–¥ï¸ Testing GPU compatibility...
2025-07-31 23:37:01,717 - INFO - â„¹ï¸ No GPU available, skipping GPU tests
2025-07-31 23:37:01,717 - INFO - âš¡ Running performance benchmarks...
2025-07-31 23:37:04,673 - INFO - âœ… Model loading time: 2.51s
2025-07-31 23:37:04,674 - INFO - âœ… Inference time: 0.45s
2025-07-31 23:37:04,674 - INFO - âœ… Performance benchmarks passed
2025-07-31 23:37:04,685 - INFO - ğŸ“Š Generating CI Report
2025-07-31 23:37:04,685 - INFO - ============================================================
2025-07-31 23:37:04,685 - ERROR - âŒ CI Pipeline failed!
2025-07-31 23:37:13,055 - INFO - ğŸš€ Starting Comprehensive CI Pipeline
2025-07-31 23:37:13,055 - INFO - ============================================================
2025-07-31 23:37:13,055 - INFO - ğŸ” Detecting environment...
2025-07-31 23:37:13,872 - INFO - ğŸ’» Running in local environment
2025-07-31 23:37:13,872 - INFO - ğŸ“Š Environment: {'platform': 'darwin', 'python_version': '3.11.13 (main, Jun  5 2025, 08:14:07) [Clang 14.0.6 ]', 'is_colab': False, 'gpu_available': False, 'conda_env': 'samo-dl-stable'}
2025-07-31 23:37:13,872 - INFO - ğŸ“¦ Validating dependencies...
2025-07-31 23:37:13,872 - INFO - âœ… torch available
2025-07-31 23:37:14,417 - INFO - âœ… transformers available
2025-07-31 23:37:14,565 - INFO - âœ… fastapi available
2025-07-31 23:37:14,565 - INFO - âœ… pydantic available
2025-07-31 23:37:15,233 - INFO - âœ… datasets available
2025-07-31 23:37:15,242 - INFO - âœ… tokenizers available
2025-07-31 23:37:15,242 - INFO - âœ… numpy available
2025-07-31 23:37:15,242 - INFO - âœ… pandas available
2025-07-31 23:37:15,242 - INFO - âœ… All dependencies validated
2025-07-31 23:37:15,242 - INFO - ğŸš€ Running scripts/ci/api_health_check.py...
2025-07-31 23:37:15,524 - INFO - âœ… scripts/ci/api_health_check.py PASSED
2025-07-31 23:37:15,524 - INFO - ğŸš€ Running scripts/ci/bert_model_test.py...
2025-07-31 23:37:20,812 - INFO - âœ… scripts/ci/bert_model_test.py PASSED
2025-07-31 23:37:20,813 - INFO - ğŸš€ Running scripts/ci/t5_summarization_test.py...
2025-07-31 23:37:27,903 - INFO - âœ… scripts/ci/t5_summarization_test.py PASSED
2025-07-31 23:37:27,903 - INFO - ğŸš€ Running scripts/ci/whisper_transcription_test.py...
2025-07-31 23:37:31,016 - INFO - âœ… scripts/ci/whisper_transcription_test.py PASSED
2025-07-31 23:37:31,016 - INFO - ğŸš€ Running scripts/ci/model_calibration_test.py...
2025-07-31 23:37:36,164 - INFO - âœ… scripts/ci/model_calibration_test.py PASSED
2025-07-31 23:37:36,164 - INFO - ğŸš€ Running scripts/ci/onnx_conversion_test.py...
2025-07-31 23:37:36,409 - INFO - âœ… scripts/ci/onnx_conversion_test.py PASSED
2025-07-31 23:37:36,409 - INFO - ğŸ§ª Running unit tests...
2025-07-31 23:37:41,620 - ERROR - âŒ Unit tests FAILED
2025-07-31 23:37:41,621 - ERROR - Error output: 
2025-07-31 23:37:41,621 - INFO - ğŸ¯ Running E2E tests...
2025-07-31 23:37:45,098 - INFO - âœ… E2E tests PASSED
2025-07-31 23:37:45,098 - INFO - ğŸ–¥ï¸ Testing GPU compatibility...
2025-07-31 23:37:45,099 - INFO - â„¹ï¸ No GPU available, skipping GPU tests
2025-07-31 23:37:45,099 - INFO - âš¡ Running performance benchmarks...
2025-07-31 23:37:48,063 - INFO - âœ… Model loading time: 2.52s
2025-07-31 23:37:48,064 - INFO - âœ… Inference time: 0.44s
2025-07-31 23:37:48,064 - INFO - âœ… Performance benchmarks passed
2025-07-31 23:37:48,075 - INFO - ğŸ“Š Generating CI Report
2025-07-31 23:37:48,075 - INFO - ============================================================
2025-07-31 23:37:48,075 - ERROR - âŒ CI Pipeline failed!
2025-07-31 23:38:24,065 - INFO - ğŸš€ Starting Comprehensive CI Pipeline
2025-07-31 23:38:24,066 - INFO - ============================================================
2025-07-31 23:38:24,066 - INFO - ğŸ” Detecting environment...
2025-07-31 23:38:24,950 - INFO - ğŸ’» Running in local environment
2025-07-31 23:38:24,951 - INFO - ğŸ“Š Environment: {'platform': 'darwin', 'python_version': '3.11.13 (main, Jun  5 2025, 08:14:07) [Clang 14.0.6 ]', 'is_colab': False, 'gpu_available': False, 'conda_env': 'samo-dl-stable'}
2025-07-31 23:38:24,951 - INFO - ğŸ“¦ Validating dependencies...
2025-07-31 23:38:24,951 - INFO - âœ… torch available
2025-07-31 23:38:25,489 - INFO - âœ… transformers available
2025-07-31 23:38:25,679 - INFO - âœ… fastapi available
2025-07-31 23:38:25,679 - INFO - âœ… pydantic available
2025-07-31 23:38:26,499 - INFO - âœ… datasets available
2025-07-31 23:38:26,508 - INFO - âœ… tokenizers available
2025-07-31 23:38:26,508 - INFO - âœ… numpy available
2025-07-31 23:38:26,508 - INFO - âœ… pandas available
2025-07-31 23:38:26,508 - INFO - âœ… All dependencies validated
2025-07-31 23:38:26,509 - INFO - ğŸš€ Running scripts/ci/api_health_check.py...
2025-07-31 23:38:26,794 - INFO - âœ… scripts/ci/api_health_check.py PASSED
2025-07-31 23:38:26,794 - INFO - ğŸš€ Running scripts/ci/bert_model_test.py...
2025-07-31 23:38:32,046 - INFO - âœ… scripts/ci/bert_model_test.py PASSED
2025-07-31 23:38:32,047 - INFO - ğŸš€ Running scripts/ci/t5_summarization_test.py...
2025-07-31 23:38:39,128 - INFO - âœ… scripts/ci/t5_summarization_test.py PASSED
2025-07-31 23:38:39,129 - INFO - ğŸš€ Running scripts/ci/whisper_transcription_test.py...
2025-07-31 23:38:42,280 - INFO - âœ… scripts/ci/whisper_transcription_test.py PASSED
2025-07-31 23:38:42,281 - INFO - ğŸš€ Running scripts/ci/model_calibration_test.py...
2025-07-31 23:38:47,110 - INFO - âœ… scripts/ci/model_calibration_test.py PASSED
2025-07-31 23:38:47,110 - INFO - ğŸš€ Running scripts/ci/onnx_conversion_test.py...
2025-07-31 23:38:47,354 - INFO - âœ… scripts/ci/onnx_conversion_test.py PASSED
2025-07-31 23:38:47,354 - INFO - ğŸ§ª Running unit tests...
2025-07-31 23:38:53,943 - INFO - âœ… Unit tests PASSED
2025-07-31 23:38:53,943 - INFO - ğŸ¯ Running E2E tests...
2025-07-31 23:38:57,743 - INFO - âœ… E2E tests PASSED
2025-07-31 23:38:57,743 - INFO - ğŸ–¥ï¸ Testing GPU compatibility...
2025-07-31 23:38:57,744 - INFO - â„¹ï¸ No GPU available, skipping GPU tests
2025-07-31 23:38:57,744 - INFO - âš¡ Running performance benchmarks...
2025-07-31 23:39:01,433 - INFO - âœ… Model loading time: 2.69s
2025-07-31 23:39:01,434 - INFO - âœ… Inference time: 1.00s
2025-07-31 23:39:01,434 - INFO - âœ… Performance benchmarks passed
2025-07-31 23:39:01,445 - INFO - ğŸ“Š Generating CI Report
2025-07-31 23:39:01,445 - INFO - ============================================================
2025-07-31 23:39:01,445 - INFO - ğŸ‰ CI Pipeline completed successfully!
2025-07-31 23:41:20,257 - INFO - ğŸš€ Starting Comprehensive CI Pipeline
2025-07-31 23:41:20,257 - INFO - ============================================================
2025-07-31 23:41:20,257 - INFO - ğŸ” Detecting environment...
2025-07-31 23:41:22,056 - INFO - ğŸ’» Running in local environment
2025-07-31 23:41:22,057 - INFO - ğŸ“Š Environment: {'platform': 'darwin', 'python_version': '3.11.13 (main, Jun  5 2025, 08:14:07) [Clang 14.0.6 ]', 'is_colab': False, 'gpu_available': False, 'conda_env': 'samo-dl-stable'}
2025-07-31 23:41:22,057 - INFO - ğŸ“¦ Validating dependencies...
2025-07-31 23:41:22,057 - INFO - âœ… torch available
2025-07-31 23:41:22,748 - INFO - âœ… transformers available
2025-07-31 23:41:22,924 - INFO - âœ… fastapi available
2025-07-31 23:41:22,924 - INFO - âœ… pydantic available
2025-07-31 23:41:23,820 - INFO - âœ… datasets available
2025-07-31 23:41:23,837 - INFO - âœ… tokenizers available
2025-07-31 23:41:23,837 - INFO - âœ… numpy available
2025-07-31 23:41:23,837 - INFO - âœ… pandas available
2025-07-31 23:41:23,837 - INFO - âœ… All dependencies validated
2025-07-31 23:41:23,837 - INFO - ğŸš€ Running scripts/ci/api_health_check.py...
2025-07-31 23:41:24,139 - INFO - âœ… scripts/ci/api_health_check.py PASSED
2025-07-31 23:41:24,139 - INFO - ğŸš€ Running scripts/ci/bert_model_test.py...
2025-07-31 23:41:30,741 - INFO - âœ… scripts/ci/bert_model_test.py PASSED
2025-07-31 23:41:30,742 - INFO - ğŸš€ Running scripts/ci/t5_summarization_test.py...
2025-07-31 23:41:38,068 - INFO - âœ… scripts/ci/t5_summarization_test.py PASSED
2025-07-31 23:41:38,069 - INFO - ğŸš€ Running scripts/ci/whisper_transcription_test.py...
2025-07-31 23:41:41,464 - INFO - âœ… scripts/ci/whisper_transcription_test.py PASSED
2025-07-31 23:41:41,464 - INFO - ğŸš€ Running scripts/ci/model_calibration_test.py...
2025-07-31 23:41:47,167 - INFO - âœ… scripts/ci/model_calibration_test.py PASSED
2025-07-31 23:41:47,168 - INFO - ğŸš€ Running scripts/ci/onnx_conversion_test.py...
2025-07-31 23:41:47,437 - INFO - âœ… scripts/ci/onnx_conversion_test.py PASSED
2025-07-31 23:41:47,437 - INFO - ğŸ§ª Running unit tests...
2025-07-31 23:41:54,872 - INFO - âœ… Unit tests PASSED
2025-07-31 23:41:54,872 - INFO - ğŸ¯ Running E2E tests...
2025-07-31 23:41:58,662 - INFO - âœ… E2E tests PASSED
2025-07-31 23:41:58,662 - INFO - ğŸ–¥ï¸ Testing GPU compatibility...
2025-07-31 23:41:58,662 - INFO - â„¹ï¸ No GPU available, skipping GPU tests
2025-07-31 23:41:58,662 - INFO - âš¡ Running performance benchmarks...
2025-07-31 23:42:02,501 - INFO - âœ… Model loading time: 2.86s
2025-07-31 23:42:02,501 - INFO - âœ… Inference time: 0.98s
2025-07-31 23:42:02,501 - INFO - âœ… Performance benchmarks passed
2025-07-31 23:42:02,513 - INFO - ğŸ“Š Generating CI Report
2025-07-31 23:42:02,513 - INFO - ============================================================
2025-07-31 23:42:02,514 - INFO - ğŸ‰ CI Pipeline completed successfully!
2025-07-31 23:48:27,513 - INFO - ğŸš€ Starting Comprehensive CI Pipeline
2025-07-31 23:48:27,513 - INFO - ============================================================
2025-07-31 23:48:27,513 - INFO - ğŸ” Detecting environment...
2025-07-31 23:48:28,290 - INFO - ğŸ’» Running in local environment
2025-07-31 23:48:28,290 - INFO - ğŸ“Š Environment: {'platform': 'darwin', 'python_version': '3.11.13 (main, Jun  5 2025, 08:14:07) [Clang 14.0.6 ]', 'is_colab': False, 'gpu_available': False, 'conda_env': 'base'}
2025-07-31 23:48:28,290 - INFO - ğŸ“¦ Validating dependencies...
2025-07-31 23:48:28,291 - INFO - âœ… torch available
2025-07-31 23:48:28,968 - INFO - âœ… transformers available
2025-07-31 23:48:29,142 - INFO - âœ… fastapi available
2025-07-31 23:48:29,142 - INFO - âœ… pydantic available
2025-07-31 23:48:29,893 - INFO - â¹ï¸ CI Pipeline interrupted by user
2025-07-31 23:48:30,876 - INFO - ğŸš€ Starting Comprehensive CI Pipeline
2025-07-31 23:48:30,876 - INFO - ============================================================
2025-07-31 23:48:30,876 - INFO - ğŸ” Detecting environment...
2025-07-31 23:48:31,631 - INFO - ğŸ’» Running in local environment
2025-07-31 23:48:31,631 - INFO - ğŸ“Š Environment: {'platform': 'darwin', 'python_version': '3.11.13 (main, Jun  5 2025, 08:14:07) [Clang 14.0.6 ]', 'is_colab': False, 'gpu_available': False, 'conda_env': 'base'}
2025-07-31 23:48:31,631 - INFO - ğŸ“¦ Validating dependencies...
2025-07-31 23:48:31,631 - INFO - âœ… torch available
2025-07-31 23:48:32,021 - INFO - âœ… transformers available
2025-07-31 23:48:32,154 - INFO - âœ… fastapi available
2025-07-31 23:48:32,154 - INFO - âœ… pydantic available
2025-07-31 23:48:32,856 - INFO - âœ… datasets available
2025-07-31 23:48:32,872 - INFO - âœ… tokenizers available
2025-07-31 23:48:32,872 - INFO - âœ… numpy available
2025-07-31 23:48:32,872 - INFO - âœ… pandas available
2025-07-31 23:48:32,872 - INFO - âœ… All dependencies validated
2025-07-31 23:48:32,872 - INFO - ğŸš€ Running scripts/ci/api_health_check.py...
2025-07-31 23:48:33,170 - INFO - âœ… scripts/ci/api_health_check.py PASSED
2025-07-31 23:48:33,171 - INFO - ğŸš€ Running scripts/ci/bert_model_test.py...
2025-07-31 23:48:33,525 - INFO - â¹ï¸ CI Pipeline interrupted by user
2025-08-01 01:26:07,872 - INFO - ğŸš€ Starting Comprehensive CI Pipeline
2025-08-01 01:26:07,872 - INFO - ============================================================
2025-08-01 01:26:07,872 - INFO - ğŸ” Detecting environment...
2025-08-01 01:26:09,620 - INFO - ğŸ’» Running in local environment
2025-08-01 01:26:09,620 - INFO - ğŸ“Š Environment: {'platform': 'darwin', 'python_version': '3.11.13 (main, Jun  5 2025, 08:14:07) [Clang 14.0.6 ]', 'is_colab': False, 'gpu_available': False, 'conda_env': 'samo-dl-stable'}
2025-08-01 01:26:09,620 - INFO - ğŸ“¦ Validating dependencies...
2025-08-01 01:26:09,620 - INFO - âœ… torch available
2025-08-01 01:26:10,284 - INFO - âœ… transformers available
2025-08-01 01:26:10,460 - INFO - âœ… fastapi available
2025-08-01 01:26:10,460 - INFO - âœ… pydantic available
2025-08-01 01:26:11,604 - INFO - âœ… datasets available
2025-08-01 01:26:11,621 - INFO - âœ… tokenizers available
2025-08-01 01:26:11,621 - INFO - âœ… numpy available
2025-08-01 01:26:11,621 - INFO - âœ… pandas available
2025-08-01 01:26:11,621 - INFO - âœ… All dependencies validated
2025-08-01 01:26:11,621 - INFO - ğŸš€ Running scripts/ci/api_health_check.py...
2025-08-01 01:26:11,905 - INFO - âœ… scripts/ci/api_health_check.py PASSED
2025-08-01 01:26:11,906 - INFO - ğŸš€ Running scripts/ci/bert_model_test.py...
2025-08-01 01:26:17,529 - INFO - âœ… scripts/ci/bert_model_test.py PASSED
2025-08-01 01:26:17,529 - INFO - ğŸš€ Running scripts/ci/t5_summarization_test.py...
2025-08-01 01:26:24,202 - INFO - âœ… scripts/ci/t5_summarization_test.py PASSED
2025-08-01 01:26:24,203 - INFO - ğŸš€ Running scripts/ci/whisper_transcription_test.py...
2025-08-01 01:26:27,618 - INFO - âœ… scripts/ci/whisper_transcription_test.py PASSED
2025-08-01 01:26:27,618 - INFO - ğŸš€ Running scripts/ci/model_calibration_test.py...
2025-08-01 01:26:32,407 - INFO - âœ… scripts/ci/model_calibration_test.py PASSED
2025-08-01 01:26:32,408 - INFO - ğŸš€ Running scripts/ci/onnx_conversion_test.py...
2025-08-01 01:26:32,659 - INFO - âœ… scripts/ci/onnx_conversion_test.py PASSED
2025-08-01 01:26:32,660 - INFO - ğŸ§ª Running unit tests...
2025-08-01 01:26:39,497 - INFO - âœ… Unit tests PASSED
2025-08-01 01:26:39,498 - INFO - ğŸ¯ Running E2E tests...
2025-08-01 01:26:42,659 - INFO - âœ… E2E tests PASSED
2025-08-01 01:26:42,660 - INFO - ğŸ–¥ï¸ Testing GPU compatibility...
2025-08-01 01:26:42,660 - INFO - â„¹ï¸ No GPU available, skipping GPU tests
2025-08-01 01:26:42,660 - INFO - âš¡ Running performance benchmarks...
2025-08-01 01:26:45,735 - INFO - âœ… Model loading time: 2.56s
2025-08-01 01:26:45,735 - INFO - âœ… Inference time: 0.51s
2025-08-01 01:26:45,736 - INFO - âœ… Performance benchmarks passed
2025-08-01 01:26:45,747 - INFO - ğŸ“Š Generating CI Report
2025-08-01 01:26:45,747 - INFO - ============================================================
2025-08-01 01:26:45,747 - ERROR - ğŸ’¥ CI Pipeline crashed: [Errno 5] Input/output error
2025-08-06 07:35:29,935 - INFO - ğŸš€ Starting Comprehensive CI Pipeline
2025-08-06 07:35:29,939 - INFO - ============================================================
2025-08-06 07:35:29,939 - INFO - ğŸ” Detecting environment...
2025-08-06 07:35:34,187 - INFO - ğŸ’» Running in local environment
2025-08-06 07:35:34,188 - INFO - ğŸ“Š Environment: {'platform': 'darwin', 'python_version': '3.8.6rc1 (v3.8.6rc1:08bd63da6e, Sep  7 2020, 16:14:12) \n[Clang 6.0 (clang-600.0.57)]', 'is_colab': False, 'gpu_available': False, 'conda_env': 'base'}
2025-08-06 07:35:34,188 - INFO - ğŸ“¦ Validating dependencies...
2025-08-06 07:35:34,188 - INFO - âœ… torch available
2025-08-06 07:35:34,833 - INFO - âœ… transformers available
2025-08-06 07:35:35,308 - INFO - âœ… fastapi available
2025-08-06 07:35:35,308 - INFO - âœ… pydantic available
2025-08-06 07:35:36,217 - INFO - PyTorch version 2.2.2 available.
2025-08-06 07:35:37,182 - INFO - âœ… datasets available
2025-08-06 07:35:37,200 - INFO - âœ… tokenizers available
2025-08-06 07:35:37,200 - INFO - âœ… numpy available
2025-08-06 07:35:37,200 - INFO - âœ… pandas available
2025-08-06 07:35:37,200 - INFO - âœ… All dependencies validated
2025-08-06 07:35:37,200 - INFO - ğŸš€ Running scripts/ci/api_health_check.py...
2025-08-06 07:35:37,340 - ERROR - âŒ scripts/ci/api_health_check.py FAILED
2025-08-06 07:35:37,340 - ERROR - Error output: Traceback (most recent call last):
  File "scripts/ci/api_health_check.py", line 17, in <module>
    from api_rate_limiter import RateLimitCache
ImportError: cannot import name 'RateLimitCache' from 'api_rate_limiter' (src/api_rate_limiter.py)

2025-08-06 07:35:37,340 - ERROR - âŒ api_health_check failed, but continuing...
2025-08-06 07:35:37,340 - INFO - ğŸš€ Running scripts/ci/bert_model_test.py...
2025-08-06 07:35:38,683 - ERROR - âŒ scripts/ci/bert_model_test.py FAILED
2025-08-06 07:35:38,683 - ERROR - Error output: Traceback (most recent call last):
  File "scripts/ci/bert_model_test.py", line 17, in <module>
    from src.models.emotion_detection.bert_classifier import BERTEmotionClassifier
ModuleNotFoundError: No module named 'src'

2025-08-06 07:35:38,683 - ERROR - âŒ bert_model_test failed, but continuing...
2025-08-06 07:35:38,683 - INFO - ğŸš€ Running scripts/ci/t5_summarization_test.py...
2025-08-06 07:35:38,787 - ERROR - âŒ scripts/ci/t5_summarization_test.py FAILED
2025-08-06 07:35:38,787 - ERROR - Error output: Traceback (most recent call last):
  File "scripts/ci/t5_summarization_test.py", line 16, in <module>
    from src.models.summarization.t5_summarizer import create_t5_summarizer
ModuleNotFoundError: No module named 'src'

2025-08-06 07:35:38,787 - ERROR - âŒ t5_summarization_test failed, but continuing...
2025-08-06 07:35:38,787 - INFO - ğŸš€ Running scripts/ci/whisper_transcription_test.py...
2025-08-06 07:35:39,905 - ERROR - âŒ scripts/ci/whisper_transcription_test.py FAILED
2025-08-06 07:35:39,905 - ERROR - Error output: INFO:__main__:ğŸš€ Starting Whisper Transcription Tests...
INFO:__main__:
==================================================
INFO:__main__:Running: Whisper Imports
INFO:__main__:==================================================
INFO:__main__:ğŸ” Testing Whisper imports...
ERROR:__main__:âŒ Whisper import test failed: No module named 'src'
ERROR:__main__:âŒ Whisper Imports: FAILED
INFO:__main__:
==================================================
INFO:__main__:Running: Whisper Instantiation
INFO:__main__:==================================================
INFO:__main__:ğŸ¤– Testing WhisperTranscriber instantiation...
ERROR:__main__:âŒ WhisperTranscriber instantiation failed: No module named 'src'
ERROR:__main__:âŒ Whisper Instantiation: FAILED
INFO:__main__:
==================================================
INFO:__main__:Running: Audio Preprocessor
INFO:__main__:==================================================
INFO:__main__:ğŸµ Testing AudioPreprocessor...
ERROR:__main__:âŒ AudioPreprocessor test failed: No module named 'src'
ERROR:__main__:âŒ Audio Preprocessor: FAILED
INFO:__main__:
==================================================
INFO:__main__:Running: Minimal Transcription
INFO:__main__:==================================================
INFO:__main__:ğŸ¤ Testing minimal transcription...
ERROR:__main__:âŒ Transcription test failed: No module named 'src'
ERROR:__main__:âŒ Minimal Transcription: FAILED
INFO:__main__:
==================================================
INFO:__main__:Whisper Transcription Tests Results: 0/4 tests passed
INFO:__main__:==================================================
ERROR:__main__:ğŸ’¥ Some Whisper transcription tests failed!

2025-08-06 07:35:39,906 - ERROR - âŒ whisper_transcription_test failed, but continuing...
2025-08-06 07:35:39,906 - INFO - ğŸš€ Running scripts/ci/model_calibration_test.py...
2025-08-06 07:35:45,297 - INFO - âœ… scripts/ci/model_calibration_test.py PASSED
2025-08-06 07:35:45,297 - INFO - ğŸš€ Running scripts/ci/onnx_conversion_test.py...
2025-08-06 07:35:45,525 - ERROR - âŒ scripts/ci/onnx_conversion_test.py FAILED
2025-08-06 07:35:45,525 - ERROR - Error output: Traceback (most recent call last):
  File "scripts/ci/onnx_conversion_test.py", line 16, in <module>
    from onnx import helper
ModuleNotFoundError: No module named 'onnx'

2025-08-06 07:35:45,525 - ERROR - âŒ onnx_conversion_test failed, but continuing...
2025-08-06 07:35:45,525 - INFO - ğŸ§ª Running unit tests...
2025-08-06 07:35:46,686 - ERROR - âŒ Unit tests FAILED
2025-08-06 07:35:46,686 - ERROR - Error output: ImportError while loading conftest '/Users/minervae/Projects/SAMO--GENERAL/SAMO--DL/tests/conftest.py'.
tests/conftest.py:6: in <module>
    from src.unified_ai_api import app
src/unified_ai_api.py:112: in <module>
    add_rate_limiting(app)
src/api_rate_limiter.py:374: in add_rate_limiting
    config = RateLimitConfig(
E   TypeError: __init__() got an unexpected keyword argument 'enable_ip_blacklist'

2025-08-06 07:35:46,686 - INFO - ğŸ¯ Running E2E tests...
2025-08-06 07:35:47,408 - ERROR - âŒ E2E tests FAILED
2025-08-06 07:35:47,408 - ERROR - Error output: ImportError while loading conftest '/Users/minervae/Projects/SAMO--GENERAL/SAMO--DL/tests/conftest.py'.
tests/conftest.py:6: in <module>
    from src.unified_ai_api import app
src/unified_ai_api.py:112: in <module>
    add_rate_limiting(app)
src/api_rate_limiter.py:374: in add_rate_limiting
    config = RateLimitConfig(
E   TypeError: __init__() got an unexpected keyword argument 'enable_ip_blacklist'

2025-08-06 07:35:47,408 - INFO - ğŸ–¥ï¸ Testing GPU compatibility...
2025-08-06 07:35:47,408 - INFO - â„¹ï¸ No GPU available, skipping GPU tests
2025-08-06 07:35:47,408 - INFO - âš¡ Running performance benchmarks...
2025-08-06 07:35:47,409 - ERROR - âŒ Performance benchmark failed: No module named 'src'
2025-08-06 07:35:47,409 - INFO - ğŸ“Š Generating CI Report
2025-08-06 07:35:47,409 - INFO - ============================================================
2025-08-06 07:35:47,410 - ERROR - âŒ CI Pipeline failed!
2025-08-06 07:37:19,120 - INFO - ğŸš€ Starting Comprehensive CI Pipeline
2025-08-06 07:37:19,120 - INFO - ============================================================
2025-08-06 07:37:19,120 - INFO - ğŸ” Detecting environment...
2025-08-06 07:37:20,782 - INFO - ğŸ’» Running in local environment
2025-08-06 07:37:20,782 - INFO - ğŸ“Š Environment: {'platform': 'darwin', 'python_version': '3.8.6rc1 (v3.8.6rc1:08bd63da6e, Sep  7 2020, 16:14:12) \n[Clang 6.0 (clang-600.0.57)]', 'is_colab': False, 'gpu_available': False, 'conda_env': 'base'}
2025-08-06 07:37:20,782 - INFO - ğŸ“¦ Validating dependencies...
2025-08-06 07:37:20,782 - INFO - âœ… torch available
2025-08-06 07:37:20,981 - INFO - âœ… transformers available
2025-08-06 07:37:21,274 - INFO - âœ… fastapi available
2025-08-06 07:37:21,274 - INFO - âœ… pydantic available
2025-08-06 07:37:21,816 - INFO - PyTorch version 2.2.2 available.
2025-08-06 07:37:22,054 - INFO - âœ… datasets available
2025-08-06 07:37:22,068 - INFO - âœ… tokenizers available
2025-08-06 07:37:22,068 - INFO - âœ… numpy available
2025-08-06 07:37:22,068 - INFO - âœ… pandas available
2025-08-06 07:37:22,068 - INFO - âœ… All dependencies validated
2025-08-06 07:37:22,069 - INFO - ğŸš€ Running scripts/ci/api_health_check.py...
2025-08-06 07:37:22,306 - INFO - âœ… scripts/ci/api_health_check.py PASSED
2025-08-06 07:37:22,306 - INFO - ğŸš€ Running scripts/ci/bert_model_test.py...
2025-08-06 07:37:24,397 - ERROR - âŒ scripts/ci/bert_model_test.py FAILED
2025-08-06 07:37:24,397 - ERROR - Error output: Traceback (most recent call last):
  File "scripts/ci/bert_model_test.py", line 19, in <module>
    from models.emotion_detection.bert_classifier import BERTEmotionClassifier
  File "src/models/emotion_detection/bert_classifier.py", line 30, in <module>
    class BERTEmotionClassifier(nn.Module):
  File "src/models/emotion_detection/bert_classifier.py", line 192, in BERTEmotionClassifier
    texts: Union[str, list[str]],
TypeError: 'type' object is not subscriptable

2025-08-06 07:37:24,397 - ERROR - âŒ bert_model_test failed, but continuing...
2025-08-06 07:37:24,397 - INFO - ğŸš€ Running scripts/ci/t5_summarization_test.py...
2025-08-06 07:37:25,494 - ERROR - âŒ scripts/ci/t5_summarization_test.py FAILED
2025-08-06 07:37:25,494 - ERROR - Error output: Traceback (most recent call last):
  File "scripts/ci/t5_summarization_test.py", line 18, in <module>
    from models.summarization.t5_summarizer import create_t5_summarizer
  File "src/models/summarization/__init__.py", line 19, in <module>
    from .dataset_loader import SummarizationDataset, create_summarization_loader
  File "src/models/summarization/dataset_loader.py", line 17, in <module>
    class SummarizationDataset(Dataset):
  File "src/models/summarization/dataset_loader.py", line 20, in SummarizationDataset
    def __init__(self, texts: list[str], summaries: list[str]) -> None:
TypeError: 'type' object is not subscriptable

2025-08-06 07:37:25,494 - ERROR - âŒ t5_summarization_test failed, but continuing...
2025-08-06 07:37:25,495 - INFO - ğŸš€ Running scripts/ci/whisper_transcription_test.py...
2025-08-06 07:37:25,871 - ERROR - âŒ scripts/ci/whisper_transcription_test.py FAILED
2025-08-06 07:37:25,871 - ERROR - Error output: INFO:__main__:ğŸš€ Starting Whisper Transcription Tests...
INFO:__main__:
==================================================
INFO:__main__:Running: Whisper Imports
INFO:__main__:==================================================
INFO:__main__:ğŸ” Testing Whisper imports...
ERROR:__main__:âŒ Whisper import test failed: No module named 'src'
ERROR:__main__:âŒ Whisper Imports: FAILED
INFO:__main__:
==================================================
INFO:__main__:Running: Whisper Instantiation
INFO:__main__:==================================================
INFO:__main__:ğŸ¤– Testing WhisperTranscriber instantiation...
ERROR:__main__:âŒ WhisperTranscriber instantiation failed: No module named 'src'
ERROR:__main__:âŒ Whisper Instantiation: FAILED
INFO:__main__:
==================================================
INFO:__main__:Running: Audio Preprocessor
INFO:__main__:==================================================
INFO:__main__:ğŸµ Testing AudioPreprocessor...
ERROR:__main__:âŒ AudioPreprocessor test failed: No module named 'src'
ERROR:__main__:âŒ Audio Preprocessor: FAILED
INFO:__main__:
==================================================
INFO:__main__:Running: Minimal Transcription
INFO:__main__:==================================================
INFO:__main__:ğŸ¤ Testing minimal transcription...
ERROR:__main__:âŒ Transcription test failed: No module named 'src'
ERROR:__main__:âŒ Minimal Transcription: FAILED
INFO:__main__:
==================================================
INFO:__main__:Whisper Transcription Tests Results: 0/4 tests passed
INFO:__main__:==================================================
ERROR:__main__:ğŸ’¥ Some Whisper transcription tests failed!

2025-08-06 07:37:25,871 - ERROR - âŒ whisper_transcription_test failed, but continuing...
2025-08-06 07:37:25,871 - INFO - ğŸš€ Running scripts/ci/model_calibration_test.py...
2025-08-06 07:37:30,536 - INFO - âœ… scripts/ci/model_calibration_test.py PASSED
2025-08-06 07:37:30,537 - INFO - ğŸš€ Running scripts/ci/onnx_conversion_test.py...
2025-08-06 07:37:30,772 - ERROR - âŒ scripts/ci/onnx_conversion_test.py FAILED
2025-08-06 07:37:30,772 - ERROR - Error output: Traceback (most recent call last):
  File "scripts/ci/onnx_conversion_test.py", line 17, in <module>
    from onnx import helper
ModuleNotFoundError: No module named 'onnx'

During handling of the above exception, another exception occurred:

Traceback (most recent call last):
  File "scripts/ci/onnx_conversion_test.py", line 19, in <module>
    logger.warning("ONNX not available, skipping ONNX conversion test")
NameError: name 'logger' is not defined

2025-08-06 07:37:30,772 - ERROR - âŒ onnx_conversion_test failed, but continuing...
2025-08-06 07:37:30,772 - INFO - ğŸ§ª Running unit tests...
2025-08-06 07:37:36,652 - ERROR - âŒ Unit tests FAILED
2025-08-06 07:37:36,652 - ERROR - Error output: 
2025-08-06 07:37:36,652 - INFO - ğŸ¯ Running E2E tests...
2025-08-06 07:37:40,590 - ERROR - âŒ E2E tests FAILED
2025-08-06 07:37:40,590 - ERROR - Error output: 
2025-08-06 07:37:40,590 - INFO - ğŸ–¥ï¸ Testing GPU compatibility...
2025-08-06 07:37:40,590 - INFO - â„¹ï¸ No GPU available, skipping GPU tests
2025-08-06 07:37:40,590 - INFO - âš¡ Running performance benchmarks...
2025-08-06 07:37:40,670 - ERROR - âŒ Performance benchmark failed: 'type' object is not subscriptable
2025-08-06 07:37:40,670 - INFO - ğŸ“Š Generating CI Report
2025-08-06 07:37:40,670 - INFO - ============================================================
2025-08-06 07:37:40,670 - ERROR - âŒ CI Pipeline failed!
2025-08-06 07:38:15,119 - INFO - ğŸš€ Starting Comprehensive CI Pipeline
2025-08-06 07:38:15,119 - INFO - ============================================================
2025-08-06 07:38:15,119 - INFO - ğŸ” Detecting environment...
2025-08-06 07:38:16,778 - INFO - ğŸ’» Running in local environment
2025-08-06 07:38:16,778 - INFO - ğŸ“Š Environment: {'platform': 'darwin', 'python_version': '3.8.6rc1 (v3.8.6rc1:08bd63da6e, Sep  7 2020, 16:14:12) \n[Clang 6.0 (clang-600.0.57)]', 'is_colab': False, 'gpu_available': False, 'conda_env': 'base'}
2025-08-06 07:38:16,778 - INFO - ğŸ“¦ Validating dependencies...
2025-08-06 07:38:16,778 - INFO - âœ… torch available
2025-08-06 07:38:16,967 - INFO - âœ… transformers available
2025-08-06 07:38:17,259 - INFO - âœ… fastapi available
2025-08-06 07:38:17,259 - INFO - âœ… pydantic available
2025-08-06 07:38:17,794 - INFO - PyTorch version 2.2.2 available.
2025-08-06 07:38:18,010 - INFO - âœ… datasets available
2025-08-06 07:38:18,024 - INFO - âœ… tokenizers available
2025-08-06 07:38:18,024 - INFO - âœ… numpy available
2025-08-06 07:38:18,024 - INFO - âœ… pandas available
2025-08-06 07:38:18,024 - INFO - âœ… All dependencies validated
2025-08-06 07:38:18,024 - INFO - ğŸš€ Running scripts/ci/api_health_check.py...
2025-08-06 07:38:18,268 - INFO - âœ… scripts/ci/api_health_check.py PASSED
2025-08-06 07:38:18,268 - INFO - ğŸš€ Running scripts/ci/bert_model_test.py...
2025-08-06 07:38:20,326 - ERROR - âŒ scripts/ci/bert_model_test.py FAILED
2025-08-06 07:38:20,326 - ERROR - Error output: Traceback (most recent call last):
  File "scripts/ci/bert_model_test.py", line 19, in <module>
    from models.emotion_detection.bert_classifier import BERTEmotionClassifier
  File "src/models/emotion_detection/bert_classifier.py", line 30, in <module>
    class BERTEmotionClassifier(nn.Module):
  File "src/models/emotion_detection/bert_classifier.py", line 192, in BERTEmotionClassifier
    texts: Union[str, List[str]],
NameError: name 'List' is not defined

2025-08-06 07:38:20,326 - ERROR - âŒ bert_model_test failed, but continuing...
2025-08-06 07:38:20,326 - INFO - ğŸš€ Running scripts/ci/t5_summarization_test.py...
2025-08-06 07:38:21,398 - ERROR - âŒ scripts/ci/t5_summarization_test.py FAILED
2025-08-06 07:38:21,398 - ERROR - Error output: Traceback (most recent call last):
  File "scripts/ci/t5_summarization_test.py", line 18, in <module>
    from models.summarization.t5_summarizer import create_t5_summarizer
  File "src/models/summarization/__init__.py", line 19, in <module>
    from .dataset_loader import SummarizationDataset, create_summarization_loader
  File "src/models/summarization/dataset_loader.py", line 17, in <module>
    class SummarizationDataset(Dataset):
  File "src/models/summarization/dataset_loader.py", line 20, in SummarizationDataset
    def __init__(self, texts: List[str], summaries: List[str]) -> None:
NameError: name 'List' is not defined

2025-08-06 07:38:21,399 - ERROR - âŒ t5_summarization_test failed, but continuing...
2025-08-06 07:38:21,399 - INFO - ğŸš€ Running scripts/ci/whisper_transcription_test.py...
2025-08-06 07:38:21,763 - ERROR - âŒ scripts/ci/whisper_transcription_test.py FAILED
2025-08-06 07:38:21,763 - ERROR - Error output: INFO:__main__:ğŸš€ Starting Whisper Transcription Tests...
INFO:__main__:
==================================================
INFO:__main__:Running: Whisper Imports
INFO:__main__:==================================================
INFO:__main__:ğŸ” Testing Whisper imports...
ERROR:__main__:âŒ Whisper import test failed: No module named 'src'
ERROR:__main__:âŒ Whisper Imports: FAILED
INFO:__main__:
==================================================
INFO:__main__:Running: Whisper Instantiation
INFO:__main__:==================================================
INFO:__main__:ğŸ¤– Testing WhisperTranscriber instantiation...
ERROR:__main__:âŒ WhisperTranscriber instantiation failed: No module named 'src'
ERROR:__main__:âŒ Whisper Instantiation: FAILED
INFO:__main__:
==================================================
INFO:__main__:Running: Audio Preprocessor
INFO:__main__:==================================================
INFO:__main__:ğŸµ Testing AudioPreprocessor...
ERROR:__main__:âŒ AudioPreprocessor test failed: No module named 'src'
ERROR:__main__:âŒ Audio Preprocessor: FAILED
INFO:__main__:
==================================================
INFO:__main__:Running: Minimal Transcription
INFO:__main__:==================================================
INFO:__main__:ğŸ¤ Testing minimal transcription...
ERROR:__main__:âŒ Transcription test failed: No module named 'src'
ERROR:__main__:âŒ Minimal Transcription: FAILED
INFO:__main__:
==================================================
INFO:__main__:Whisper Transcription Tests Results: 0/4 tests passed
INFO:__main__:==================================================
ERROR:__main__:ğŸ’¥ Some Whisper transcription tests failed!

2025-08-06 07:38:21,764 - ERROR - âŒ whisper_transcription_test failed, but continuing...
2025-08-06 07:38:21,764 - INFO - ğŸš€ Running scripts/ci/model_calibration_test.py...
2025-08-06 07:38:25,363 - INFO - âœ… scripts/ci/model_calibration_test.py PASSED
2025-08-06 07:38:25,364 - INFO - ğŸš€ Running scripts/ci/onnx_conversion_test.py...
2025-08-06 07:38:25,602 - INFO - âœ… scripts/ci/onnx_conversion_test.py PASSED
2025-08-06 07:38:25,603 - INFO - ğŸ§ª Running unit tests...
2025-08-06 07:38:31,769 - ERROR - âŒ Unit tests FAILED
2025-08-06 07:38:31,770 - ERROR - Error output: 
2025-08-06 07:38:31,770 - INFO - ğŸ¯ Running E2E tests...
2025-08-06 07:38:35,389 - ERROR - âŒ E2E tests FAILED
2025-08-06 07:38:35,389 - ERROR - Error output: 
2025-08-06 07:38:35,389 - INFO - ğŸ–¥ï¸ Testing GPU compatibility...
2025-08-06 07:38:35,389 - INFO - â„¹ï¸ No GPU available, skipping GPU tests
2025-08-06 07:38:35,389 - INFO - âš¡ Running performance benchmarks...
2025-08-06 07:38:35,470 - ERROR - âŒ Performance benchmark failed: name 'List' is not defined
2025-08-06 07:38:35,470 - INFO - ğŸ“Š Generating CI Report
2025-08-06 07:38:35,470 - INFO - ============================================================
2025-08-06 07:38:35,470 - ERROR - âŒ CI Pipeline failed!
2025-08-06 07:39:05,449 - INFO - ğŸš€ Starting Comprehensive CI Pipeline
2025-08-06 07:39:05,449 - INFO - ============================================================
2025-08-06 07:39:05,449 - INFO - ğŸ” Detecting environment...
2025-08-06 07:39:07,147 - INFO - ğŸ’» Running in local environment
2025-08-06 07:39:07,147 - INFO - ğŸ“Š Environment: {'platform': 'darwin', 'python_version': '3.8.6rc1 (v3.8.6rc1:08bd63da6e, Sep  7 2020, 16:14:12) \n[Clang 6.0 (clang-600.0.57)]', 'is_colab': False, 'gpu_available': False, 'conda_env': 'base'}
2025-08-06 07:39:07,147 - INFO - ğŸ“¦ Validating dependencies...
2025-08-06 07:39:07,147 - INFO - âœ… torch available
2025-08-06 07:39:07,341 - INFO - âœ… transformers available
2025-08-06 07:39:07,641 - INFO - âœ… fastapi available
2025-08-06 07:39:07,641 - INFO - âœ… pydantic available
2025-08-06 07:39:08,185 - INFO - PyTorch version 2.2.2 available.
2025-08-06 07:39:08,414 - INFO - âœ… datasets available
2025-08-06 07:39:08,430 - INFO - âœ… tokenizers available
2025-08-06 07:39:08,430 - INFO - âœ… numpy available
2025-08-06 07:39:08,430 - INFO - âœ… pandas available
2025-08-06 07:39:08,430 - INFO - âœ… All dependencies validated
2025-08-06 07:39:08,430 - INFO - ğŸš€ Running scripts/ci/api_health_check.py...
2025-08-06 07:39:08,667 - INFO - âœ… scripts/ci/api_health_check.py PASSED
2025-08-06 07:39:08,668 - INFO - ğŸš€ Running scripts/ci/bert_model_test.py...
2025-08-06 07:39:10,770 - ERROR - âŒ scripts/ci/bert_model_test.py FAILED
2025-08-06 07:39:10,770 - ERROR - Error output: Traceback (most recent call last):
  File "scripts/ci/bert_model_test.py", line 19, in <module>
    from models.emotion_detection.bert_classifier import BERTEmotionClassifier
  File "src/models/emotion_detection/bert_classifier.py", line 30, in <module>
    class BERTEmotionClassifier(nn.Module):
  File "src/models/emotion_detection/bert_classifier.py", line 197, in BERTEmotionClassifier
    ) -> Union[dict[str, Union[list[str], torch.Tensor, list[float]]], list[list[int]]]:
TypeError: 'type' object is not subscriptable

2025-08-06 07:39:10,770 - ERROR - âŒ bert_model_test failed, but continuing...
2025-08-06 07:39:10,770 - INFO - ğŸš€ Running scripts/ci/t5_summarization_test.py...
2025-08-06 07:39:12,458 - ERROR - âŒ scripts/ci/t5_summarization_test.py FAILED
2025-08-06 07:39:12,459 - ERROR - Error output: Traceback (most recent call last):
  File "scripts/ci/t5_summarization_test.py", line 18, in <module>
    from models.summarization.t5_summarizer import create_t5_summarizer
  File "src/models/summarization/__init__.py", line 20, in <module>
    from .t5_summarizer import T5SummarizationModel, create_t5_summarizer
  File "src/models/summarization/t5_summarizer.py", line 54, in <module>
    class SummarizationDataset(Dataset):
  File "src/models/summarization/t5_summarizer.py", line 59, in SummarizationDataset
    texts: list[str],
TypeError: 'type' object is not subscriptable

2025-08-06 07:39:12,459 - ERROR - âŒ t5_summarization_test failed, but continuing...
2025-08-06 07:39:12,459 - INFO - ğŸš€ Running scripts/ci/whisper_transcription_test.py...
2025-08-06 07:39:12,780 - ERROR - âŒ scripts/ci/whisper_transcription_test.py FAILED
2025-08-06 07:39:12,780 - ERROR - Error output: INFO:__main__:ğŸš€ Starting Whisper Transcription Tests...
INFO:__main__:
==================================================
INFO:__main__:Running: Whisper Imports
INFO:__main__:==================================================
INFO:__main__:ğŸ” Testing Whisper imports...
ERROR:__main__:âŒ Whisper import test failed: No module named 'src'
ERROR:__main__:âŒ Whisper Imports: FAILED
INFO:__main__:
==================================================
INFO:__main__:Running: Whisper Instantiation
INFO:__main__:==================================================
INFO:__main__:ğŸ¤– Testing WhisperTranscriber instantiation...
ERROR:__main__:âŒ WhisperTranscriber instantiation failed: No module named 'src'
ERROR:__main__:âŒ Whisper Instantiation: FAILED
INFO:__main__:
==================================================
INFO:__main__:Running: Audio Preprocessor
INFO:__main__:==================================================
INFO:__main__:ğŸµ Testing AudioPreprocessor...
ERROR:__main__:âŒ AudioPreprocessor test failed: No module named 'src'
ERROR:__main__:âŒ Audio Preprocessor: FAILED
INFO:__main__:
==================================================
INFO:__main__:Running: Minimal Transcription
INFO:__main__:==================================================
INFO:__main__:ğŸ¤ Testing minimal transcription...
ERROR:__main__:âŒ Transcription test failed: No module named 'src'
ERROR:__main__:âŒ Minimal Transcription: FAILED
INFO:__main__:
==================================================
INFO:__main__:Whisper Transcription Tests Results: 0/4 tests passed
INFO:__main__:==================================================
ERROR:__main__:ğŸ’¥ Some Whisper transcription tests failed!

2025-08-06 07:39:12,780 - ERROR - âŒ whisper_transcription_test failed, but continuing...
2025-08-06 07:39:12,780 - INFO - ğŸš€ Running scripts/ci/model_calibration_test.py...
2025-08-06 07:39:16,941 - INFO - âœ… scripts/ci/model_calibration_test.py PASSED
2025-08-06 07:39:16,941 - INFO - ğŸš€ Running scripts/ci/onnx_conversion_test.py...
2025-08-06 07:39:17,173 - INFO - âœ… scripts/ci/onnx_conversion_test.py PASSED
2025-08-06 07:39:17,173 - INFO - ğŸ§ª Running unit tests...
2025-08-06 07:39:22,715 - ERROR - âŒ Unit tests FAILED
2025-08-06 07:39:22,715 - ERROR - Error output: 
2025-08-06 07:39:22,715 - INFO - ğŸ¯ Running E2E tests...
2025-08-06 07:39:26,311 - ERROR - âŒ E2E tests FAILED
2025-08-06 07:39:26,311 - ERROR - Error output: 
2025-08-06 07:39:26,311 - INFO - ğŸ–¥ï¸ Testing GPU compatibility...
2025-08-06 07:39:26,311 - INFO - â„¹ï¸ No GPU available, skipping GPU tests
2025-08-06 07:39:26,311 - INFO - âš¡ Running performance benchmarks...
2025-08-06 07:39:26,389 - ERROR - âŒ Performance benchmark failed: 'type' object is not subscriptable
2025-08-06 07:39:26,389 - INFO - ğŸ“Š Generating CI Report
2025-08-06 07:39:26,389 - INFO - ============================================================
2025-08-06 07:39:26,390 - ERROR - âŒ CI Pipeline failed!
2025-08-06 07:40:43,956 - INFO - ğŸš€ Starting Comprehensive CI Pipeline
2025-08-06 07:40:43,956 - INFO - ============================================================
2025-08-06 07:40:43,956 - INFO - ğŸ” Detecting environment...
2025-08-06 07:40:45,587 - INFO - ğŸ’» Running in local environment
2025-08-06 07:40:45,587 - INFO - ğŸ“Š Environment: {'platform': 'darwin', 'python_version': '3.8.6rc1 (v3.8.6rc1:08bd63da6e, Sep  7 2020, 16:14:12) \n[Clang 6.0 (clang-600.0.57)]', 'is_colab': False, 'gpu_available': False, 'conda_env': 'base'}
2025-08-06 07:40:45,587 - INFO - ğŸ“¦ Validating dependencies...
2025-08-06 07:40:45,588 - INFO - âœ… torch available
2025-08-06 07:40:45,785 - INFO - âœ… transformers available
2025-08-06 07:40:46,083 - INFO - âœ… fastapi available
2025-08-06 07:40:46,083 - INFO - âœ… pydantic available
2025-08-06 07:40:46,625 - INFO - PyTorch version 2.2.2 available.
2025-08-06 07:40:46,851 - INFO - âœ… datasets available
2025-08-06 07:40:46,867 - INFO - âœ… tokenizers available
2025-08-06 07:40:46,867 - INFO - âœ… numpy available
2025-08-06 07:40:46,867 - INFO - âœ… pandas available
2025-08-06 07:40:46,867 - INFO - âœ… All dependencies validated
2025-08-06 07:40:46,867 - INFO - ğŸš€ Running scripts/ci/api_health_check.py...
2025-08-06 07:40:47,109 - INFO - âœ… scripts/ci/api_health_check.py PASSED
2025-08-06 07:40:47,110 - INFO - ğŸš€ Running scripts/ci/bert_model_test.py...
2025-08-06 07:40:49,215 - ERROR - âŒ scripts/ci/bert_model_test.py FAILED
2025-08-06 07:40:49,215 - ERROR - Error output: Traceback (most recent call last):
  File "scripts/ci/bert_model_test.py", line 19, in <module>
    from models.emotion_detection.bert_classifier import BERTEmotionClassifier
  File "src/models/emotion_detection/bert_classifier.py", line 30, in <module>
    class BERTEmotionClassifier(nn.Module):
  File "src/models/emotion_detection/bert_classifier.py", line 197, in BERTEmotionClassifier
    ) -> Union[Dict[str, Union[List[str], torch.Tensor, List[float]]], List[List[int]]]:
NameError: name 'Dict' is not defined

2025-08-06 07:40:49,215 - ERROR - âŒ bert_model_test failed, but continuing...
2025-08-06 07:40:49,215 - INFO - ğŸš€ Running scripts/ci/t5_summarization_test.py...
2025-08-06 07:40:51,118 - ERROR - âŒ scripts/ci/t5_summarization_test.py FAILED
2025-08-06 07:40:51,119 - ERROR - Error output: INFO:__main__:ğŸš€ Starting T5 Model Tests...
INFO:__main__:ğŸ§ª Running T5 Model Loading...
INFO:__main__:ğŸ¤– Testing T5 summarization model loading...
INFO:models.summarization.t5_summarizer:Initializing {self.model_name} summarization model...
ERROR:__main__:âŒ T5 model loading failed: 
T5Tokenizer requires the SentencePiece library but it was not found in your environment. Checkout the instructions on the
installation page of its repo: https://github.com/google/sentencepiece#installation and follow the ones
that match your environment. Please note that you may need to restart your runtime after installation.

ERROR:__main__:âŒ T5 Model Loading failed
INFO:__main__:ğŸ§ª Running T5 Summarization...
INFO:__main__:ğŸ“ Testing T5 summarization functionality...
INFO:models.summarization.t5_summarizer:Initializing {self.model_name} summarization model...
ERROR:__main__:âŒ T5 summarization test failed: 
T5Tokenizer requires the SentencePiece library but it was not found in your environment. Checkout the instructions on the
installation page of its repo: https://github.com/google/sentencepiece#installation and follow the ones
that match your environment. Please note that you may need to restart your runtime after installation.

ERROR:__main__:âŒ T5 Summarization failed
INFO:__main__:ğŸ“Š Test Results: 0/2 tests passed
ERROR:__main__:ğŸ’¥ Some T5 model tests failed!

2025-08-06 07:40:51,119 - ERROR - âŒ t5_summarization_test failed, but continuing...
2025-08-06 07:40:51,119 - INFO - ğŸš€ Running scripts/ci/whisper_transcription_test.py...
2025-08-06 07:40:51,444 - ERROR - âŒ scripts/ci/whisper_transcription_test.py FAILED
2025-08-06 07:40:51,444 - ERROR - Error output: INFO:__main__:ğŸš€ Starting Whisper Transcription Tests...
INFO:__main__:
==================================================
INFO:__main__:Running: Whisper Imports
INFO:__main__:==================================================
INFO:__main__:ğŸ” Testing Whisper imports...
ERROR:__main__:âŒ Whisper import test failed: No module named 'src'
ERROR:__main__:âŒ Whisper Imports: FAILED
INFO:__main__:
==================================================
INFO:__main__:Running: Whisper Instantiation
INFO:__main__:==================================================
INFO:__main__:ğŸ¤– Testing WhisperTranscriber instantiation...
ERROR:__main__:âŒ WhisperTranscriber instantiation failed: No module named 'src'
ERROR:__main__:âŒ Whisper Instantiation: FAILED
INFO:__main__:
==================================================
INFO:__main__:Running: Audio Preprocessor
INFO:__main__:==================================================
INFO:__main__:ğŸµ Testing AudioPreprocessor...
ERROR:__main__:âŒ AudioPreprocessor test failed: No module named 'src'
ERROR:__main__:âŒ Audio Preprocessor: FAILED
INFO:__main__:
==================================================
INFO:__main__:Running: Minimal Transcription
INFO:__main__:==================================================
INFO:__main__:ğŸ¤ Testing minimal transcription...
ERROR:__main__:âŒ Transcription test failed: No module named 'src'
ERROR:__main__:âŒ Minimal Transcription: FAILED
INFO:__main__:
==================================================
INFO:__main__:Whisper Transcription Tests Results: 0/4 tests passed
INFO:__main__:==================================================
ERROR:__main__:ğŸ’¥ Some Whisper transcription tests failed!

2025-08-06 07:40:51,444 - ERROR - âŒ whisper_transcription_test failed, but continuing...
2025-08-06 07:40:51,444 - INFO - ğŸš€ Running scripts/ci/model_calibration_test.py...
2025-08-06 07:40:55,301 - INFO - âœ… scripts/ci/model_calibration_test.py PASSED
2025-08-06 07:40:55,302 - INFO - ğŸš€ Running scripts/ci/onnx_conversion_test.py...
2025-08-06 07:40:55,531 - INFO - âœ… scripts/ci/onnx_conversion_test.py PASSED
2025-08-06 07:40:55,531 - INFO - ğŸ§ª Running unit tests...
2025-08-06 07:41:00,816 - ERROR - âŒ Unit tests FAILED
2025-08-06 07:41:00,817 - ERROR - Error output: 
2025-08-06 07:41:00,817 - INFO - ğŸ¯ Running E2E tests...
2025-08-06 07:41:04,407 - ERROR - âŒ E2E tests FAILED
2025-08-06 07:41:04,407 - ERROR - Error output: 
2025-08-06 07:41:04,408 - INFO - ğŸ–¥ï¸ Testing GPU compatibility...
2025-08-06 07:41:04,408 - INFO - â„¹ï¸ No GPU available, skipping GPU tests
2025-08-06 07:41:04,408 - INFO - âš¡ Running performance benchmarks...
2025-08-06 07:41:04,487 - ERROR - âŒ Performance benchmark failed: name 'Dict' is not defined
2025-08-06 07:41:04,487 - INFO - ğŸ“Š Generating CI Report
2025-08-06 07:41:04,487 - INFO - ============================================================
2025-08-06 07:41:04,487 - ERROR - âŒ CI Pipeline failed!
2025-08-06 07:41:20,010 - INFO - ğŸš€ Starting Comprehensive CI Pipeline
2025-08-06 07:41:20,011 - INFO - ============================================================
2025-08-06 07:41:20,011 - INFO - ğŸ” Detecting environment...
2025-08-06 07:41:21,700 - INFO - ğŸ’» Running in local environment
2025-08-06 07:41:21,700 - INFO - ğŸ“Š Environment: {'platform': 'darwin', 'python_version': '3.8.6rc1 (v3.8.6rc1:08bd63da6e, Sep  7 2020, 16:14:12) \n[Clang 6.0 (clang-600.0.57)]', 'is_colab': False, 'gpu_available': False, 'conda_env': 'base'}
2025-08-06 07:41:21,700 - INFO - ğŸ“¦ Validating dependencies...
2025-08-06 07:41:21,700 - INFO - âœ… torch available
2025-08-06 07:41:21,909 - INFO - âœ… transformers available
2025-08-06 07:41:22,216 - INFO - âœ… fastapi available
2025-08-06 07:41:22,216 - INFO - âœ… pydantic available
2025-08-06 07:41:22,755 - INFO - PyTorch version 2.2.2 available.
2025-08-06 07:41:23,024 - INFO - âœ… datasets available
2025-08-06 07:41:23,039 - INFO - âœ… tokenizers available
2025-08-06 07:41:23,039 - INFO - âœ… numpy available
2025-08-06 07:41:23,039 - INFO - âœ… pandas available
2025-08-06 07:41:23,039 - INFO - âœ… All dependencies validated
2025-08-06 07:41:23,039 - INFO - ğŸš€ Running scripts/ci/api_health_check.py...
2025-08-06 07:41:23,282 - INFO - âœ… scripts/ci/api_health_check.py PASSED
2025-08-06 07:41:23,282 - INFO - ğŸš€ Running scripts/ci/bert_model_test.py...
2025-08-06 07:41:25,501 - ERROR - âŒ scripts/ci/bert_model_test.py FAILED
2025-08-06 07:41:25,501 - ERROR - Error output: Traceback (most recent call last):
  File "scripts/ci/bert_model_test.py", line 19, in <module>
    from models.emotion_detection.bert_classifier import BERTEmotionClassifier
  File "src/models/emotion_detection/bert_classifier.py", line 388, in <module>
    ) -> tuple[BERTEmotionClassifier, WeightedBCELoss]:
TypeError: 'type' object is not subscriptable

2025-08-06 07:41:25,501 - ERROR - âŒ bert_model_test failed, but continuing...
2025-08-06 07:41:25,501 - INFO - ğŸš€ Running scripts/ci/t5_summarization_test.py...
2025-08-06 07:41:27,214 - ERROR - âŒ scripts/ci/t5_summarization_test.py FAILED
2025-08-06 07:41:27,214 - ERROR - Error output: INFO:__main__:ğŸš€ Starting T5 Model Tests...
INFO:__main__:ğŸ§ª Running T5 Model Loading...
INFO:__main__:ğŸ¤– Testing T5 summarization model loading...
INFO:models.summarization.t5_summarizer:Initializing {self.model_name} summarization model...
ERROR:__main__:âŒ T5 model loading failed: 
T5Tokenizer requires the SentencePiece library but it was not found in your environment. Checkout the instructions on the
installation page of its repo: https://github.com/google/sentencepiece#installation and follow the ones
that match your environment. Please note that you may need to restart your runtime after installation.

ERROR:__main__:âŒ T5 Model Loading failed
INFO:__main__:ğŸ§ª Running T5 Summarization...
INFO:__main__:ğŸ“ Testing T5 summarization functionality...
INFO:models.summarization.t5_summarizer:Initializing {self.model_name} summarization model...
ERROR:__main__:âŒ T5 summarization test failed: 
T5Tokenizer requires the SentencePiece library but it was not found in your environment. Checkout the instructions on the
installation page of its repo: https://github.com/google/sentencepiece#installation and follow the ones
that match your environment. Please note that you may need to restart your runtime after installation.

ERROR:__main__:âŒ T5 Summarization failed
INFO:__main__:ğŸ“Š Test Results: 0/2 tests passed
ERROR:__main__:ğŸ’¥ Some T5 model tests failed!

2025-08-06 07:41:27,214 - ERROR - âŒ t5_summarization_test failed, but continuing...
2025-08-06 07:41:27,214 - INFO - ğŸš€ Running scripts/ci/whisper_transcription_test.py...
2025-08-06 07:41:27,540 - ERROR - âŒ scripts/ci/whisper_transcription_test.py FAILED
2025-08-06 07:41:27,540 - ERROR - Error output: INFO:__main__:ğŸš€ Starting Whisper Transcription Tests...
INFO:__main__:
==================================================
INFO:__main__:Running: Whisper Imports
INFO:__main__:==================================================
INFO:__main__:ğŸ” Testing Whisper imports...
ERROR:__main__:âŒ Whisper import test failed: No module named 'src'
ERROR:__main__:âŒ Whisper Imports: FAILED
INFO:__main__:
==================================================
INFO:__main__:Running: Whisper Instantiation
INFO:__main__:==================================================
INFO:__main__:ğŸ¤– Testing WhisperTranscriber instantiation...
ERROR:__main__:âŒ WhisperTranscriber instantiation failed: No module named 'src'
ERROR:__main__:âŒ Whisper Instantiation: FAILED
INFO:__main__:
==================================================
INFO:__main__:Running: Audio Preprocessor
INFO:__main__:==================================================
INFO:__main__:ğŸµ Testing AudioPreprocessor...
ERROR:__main__:âŒ AudioPreprocessor test failed: No module named 'src'
ERROR:__main__:âŒ Audio Preprocessor: FAILED
INFO:__main__:
==================================================
INFO:__main__:Running: Minimal Transcription
INFO:__main__:==================================================
INFO:__main__:ğŸ¤ Testing minimal transcription...
ERROR:__main__:âŒ Transcription test failed: No module named 'src'
ERROR:__main__:âŒ Minimal Transcription: FAILED
INFO:__main__:
==================================================
INFO:__main__:Whisper Transcription Tests Results: 0/4 tests passed
INFO:__main__:==================================================
ERROR:__main__:ğŸ’¥ Some Whisper transcription tests failed!

2025-08-06 07:41:27,540 - ERROR - âŒ whisper_transcription_test failed, but continuing...
2025-08-06 07:41:27,540 - INFO - ğŸš€ Running scripts/ci/model_calibration_test.py...
2025-08-06 07:41:31,957 - INFO - âœ… scripts/ci/model_calibration_test.py PASSED
2025-08-06 07:41:31,958 - INFO - ğŸš€ Running scripts/ci/onnx_conversion_test.py...
2025-08-06 07:41:32,217 - INFO - âœ… scripts/ci/onnx_conversion_test.py PASSED
2025-08-06 07:41:32,217 - INFO - ğŸ§ª Running unit tests...
2025-08-06 07:41:38,461 - ERROR - âŒ Unit tests FAILED
2025-08-06 07:41:38,461 - ERROR - Error output: 
2025-08-06 07:41:38,461 - INFO - ğŸ¯ Running E2E tests...
2025-08-06 07:41:42,614 - ERROR - âŒ E2E tests FAILED
2025-08-06 07:41:42,615 - ERROR - Error output: 
2025-08-06 07:41:42,615 - INFO - ğŸ–¥ï¸ Testing GPU compatibility...
2025-08-06 07:41:42,615 - INFO - â„¹ï¸ No GPU available, skipping GPU tests
2025-08-06 07:41:42,615 - INFO - âš¡ Running performance benchmarks...
2025-08-06 07:41:42,704 - ERROR - âŒ Performance benchmark failed: 'type' object is not subscriptable
2025-08-06 07:41:42,704 - INFO - ğŸ“Š Generating CI Report
2025-08-06 07:41:42,704 - INFO - ============================================================
2025-08-06 07:41:42,705 - ERROR - âŒ CI Pipeline failed!
2025-08-06 07:42:02,240 - INFO - ğŸš€ Starting Comprehensive CI Pipeline
2025-08-06 07:42:02,240 - INFO - ============================================================
2025-08-06 07:42:02,240 - INFO - ğŸ” Detecting environment...
2025-08-06 07:42:03,968 - INFO - ğŸ’» Running in local environment
2025-08-06 07:42:03,968 - INFO - ğŸ“Š Environment: {'platform': 'darwin', 'python_version': '3.8.6rc1 (v3.8.6rc1:08bd63da6e, Sep  7 2020, 16:14:12) \n[Clang 6.0 (clang-600.0.57)]', 'is_colab': False, 'gpu_available': False, 'conda_env': 'base'}
2025-08-06 07:42:03,968 - INFO - ğŸ“¦ Validating dependencies...
2025-08-06 07:42:03,968 - INFO - âœ… torch available
2025-08-06 07:42:04,167 - INFO - âœ… transformers available
2025-08-06 07:42:04,464 - INFO - âœ… fastapi available
2025-08-06 07:42:04,464 - INFO - âœ… pydantic available
2025-08-06 07:42:05,012 - INFO - PyTorch version 2.2.2 available.
2025-08-06 07:42:05,241 - INFO - âœ… datasets available
2025-08-06 07:42:05,257 - INFO - âœ… tokenizers available
2025-08-06 07:42:05,257 - INFO - âœ… numpy available
2025-08-06 07:42:05,257 - INFO - âœ… pandas available
2025-08-06 07:42:05,257 - INFO - âœ… All dependencies validated
2025-08-06 07:42:05,257 - INFO - ğŸš€ Running scripts/ci/api_health_check.py...
2025-08-06 07:42:05,501 - INFO - âœ… scripts/ci/api_health_check.py PASSED
2025-08-06 07:42:05,501 - INFO - ğŸš€ Running scripts/ci/bert_model_test.py...
2025-08-06 07:42:07,601 - ERROR - âŒ scripts/ci/bert_model_test.py FAILED
2025-08-06 07:42:07,601 - ERROR - Error output: Traceback (most recent call last):
  File "scripts/ci/bert_model_test.py", line 19, in <module>
    from models.emotion_detection.bert_classifier import BERTEmotionClassifier
  File "src/models/emotion_detection/bert_classifier.py", line 418, in <module>
    ) -> dict[str, float]:
TypeError: 'type' object is not subscriptable

2025-08-06 07:42:07,601 - ERROR - âŒ bert_model_test failed, but continuing...
2025-08-06 07:42:07,601 - INFO - ğŸš€ Running scripts/ci/t5_summarization_test.py...
2025-08-06 07:42:09,311 - ERROR - âŒ scripts/ci/t5_summarization_test.py FAILED
2025-08-06 07:42:09,312 - ERROR - Error output: INFO:__main__:ğŸš€ Starting T5 Model Tests...
INFO:__main__:ğŸ§ª Running T5 Model Loading...
INFO:__main__:ğŸ¤– Testing T5 summarization model loading...
INFO:models.summarization.t5_summarizer:Initializing {self.model_name} summarization model...
ERROR:__main__:âŒ T5 model loading failed: 
T5Tokenizer requires the SentencePiece library but it was not found in your environment. Checkout the instructions on the
installation page of its repo: https://github.com/google/sentencepiece#installation and follow the ones
that match your environment. Please note that you may need to restart your runtime after installation.

ERROR:__main__:âŒ T5 Model Loading failed
INFO:__main__:ğŸ§ª Running T5 Summarization...
INFO:__main__:ğŸ“ Testing T5 summarization functionality...
INFO:models.summarization.t5_summarizer:Initializing {self.model_name} summarization model...
ERROR:__main__:âŒ T5 summarization test failed: 
T5Tokenizer requires the SentencePiece library but it was not found in your environment. Checkout the instructions on the
installation page of its repo: https://github.com/google/sentencepiece#installation and follow the ones
that match your environment. Please note that you may need to restart your runtime after installation.

ERROR:__main__:âŒ T5 Summarization failed
INFO:__main__:ğŸ“Š Test Results: 0/2 tests passed
ERROR:__main__:ğŸ’¥ Some T5 model tests failed!

2025-08-06 07:42:09,312 - ERROR - âŒ t5_summarization_test failed, but continuing...
2025-08-06 07:42:09,312 - INFO - ğŸš€ Running scripts/ci/whisper_transcription_test.py...
2025-08-06 07:42:09,659 - ERROR - âŒ scripts/ci/whisper_transcription_test.py FAILED
2025-08-06 07:42:09,660 - ERROR - Error output: INFO:__main__:ğŸš€ Starting Whisper Transcription Tests...
INFO:__main__:
==================================================
INFO:__main__:Running: Whisper Imports
INFO:__main__:==================================================
INFO:__main__:ğŸ” Testing Whisper imports...
ERROR:__main__:âŒ Whisper import test failed: No module named 'src'
ERROR:__main__:âŒ Whisper Imports: FAILED
INFO:__main__:
==================================================
INFO:__main__:Running: Whisper Instantiation
INFO:__main__:==================================================
INFO:__main__:ğŸ¤– Testing WhisperTranscriber instantiation...
ERROR:__main__:âŒ WhisperTranscriber instantiation failed: No module named 'src'
ERROR:__main__:âŒ Whisper Instantiation: FAILED
INFO:__main__:
==================================================
INFO:__main__:Running: Audio Preprocessor
INFO:__main__:==================================================
INFO:__main__:ğŸµ Testing AudioPreprocessor...
ERROR:__main__:âŒ AudioPreprocessor test failed: No module named 'src'
ERROR:__main__:âŒ Audio Preprocessor: FAILED
INFO:__main__:
==================================================
INFO:__main__:Running: Minimal Transcription
INFO:__main__:==================================================
INFO:__main__:ğŸ¤ Testing minimal transcription...
ERROR:__main__:âŒ Transcription test failed: No module named 'src'
ERROR:__main__:âŒ Minimal Transcription: FAILED
INFO:__main__:
==================================================
INFO:__main__:Whisper Transcription Tests Results: 0/4 tests passed
INFO:__main__:==================================================
ERROR:__main__:ğŸ’¥ Some Whisper transcription tests failed!

2025-08-06 07:42:09,660 - ERROR - âŒ whisper_transcription_test failed, but continuing...
2025-08-06 07:42:09,660 - INFO - ğŸš€ Running scripts/ci/model_calibration_test.py...
2025-08-06 07:42:13,582 - INFO - âœ… scripts/ci/model_calibration_test.py PASSED
2025-08-06 07:42:13,582 - INFO - ğŸš€ Running scripts/ci/onnx_conversion_test.py...
2025-08-06 07:42:13,827 - INFO - âœ… scripts/ci/onnx_conversion_test.py PASSED
2025-08-06 07:42:13,828 - INFO - ğŸ§ª Running unit tests...
2025-08-06 07:42:19,289 - ERROR - âŒ Unit tests FAILED
2025-08-06 07:42:19,289 - ERROR - Error output: 
2025-08-06 07:42:19,289 - INFO - ğŸ¯ Running E2E tests...
2025-08-06 07:42:22,966 - ERROR - âŒ E2E tests FAILED
2025-08-06 07:42:22,966 - ERROR - Error output: 
2025-08-06 07:42:22,966 - INFO - ğŸ–¥ï¸ Testing GPU compatibility...
2025-08-06 07:42:22,966 - INFO - â„¹ï¸ No GPU available, skipping GPU tests
2025-08-06 07:42:22,966 - INFO - âš¡ Running performance benchmarks...
2025-08-06 07:42:23,046 - ERROR - âŒ Performance benchmark failed: 'type' object is not subscriptable
2025-08-06 07:42:23,046 - INFO - ğŸ“Š Generating CI Report
2025-08-06 07:42:23,046 - INFO - ============================================================
2025-08-06 07:42:23,046 - ERROR - âŒ CI Pipeline failed!
2025-08-06 07:42:37,909 - INFO - ğŸš€ Starting Comprehensive CI Pipeline
2025-08-06 07:42:37,910 - INFO - ============================================================
2025-08-06 07:42:37,910 - INFO - ğŸ” Detecting environment...
2025-08-06 07:42:39,770 - INFO - ğŸ’» Running in local environment
2025-08-06 07:42:39,771 - INFO - ğŸ“Š Environment: {'platform': 'darwin', 'python_version': '3.8.6rc1 (v3.8.6rc1:08bd63da6e, Sep  7 2020, 16:14:12) \n[Clang 6.0 (clang-600.0.57)]', 'is_colab': False, 'gpu_available': False, 'conda_env': 'base'}
2025-08-06 07:42:39,771 - INFO - ğŸ“¦ Validating dependencies...
2025-08-06 07:42:39,771 - INFO - âœ… torch available
2025-08-06 07:42:40,008 - INFO - âœ… transformers available
2025-08-06 07:42:40,307 - INFO - âœ… fastapi available
2025-08-06 07:42:40,307 - INFO - âœ… pydantic available
2025-08-06 07:42:40,840 - INFO - PyTorch version 2.2.2 available.
2025-08-06 07:42:41,053 - INFO - âœ… datasets available
2025-08-06 07:42:41,069 - INFO - âœ… tokenizers available
2025-08-06 07:42:41,069 - INFO - âœ… numpy available
2025-08-06 07:42:41,069 - INFO - âœ… pandas available
2025-08-06 07:42:41,069 - INFO - âœ… All dependencies validated
2025-08-06 07:42:41,069 - INFO - ğŸš€ Running scripts/ci/api_health_check.py...
2025-08-06 07:42:41,307 - INFO - âœ… scripts/ci/api_health_check.py PASSED
2025-08-06 07:42:41,307 - INFO - ğŸš€ Running scripts/ci/bert_model_test.py...
2025-08-06 07:42:45,974 - INFO - âœ… scripts/ci/bert_model_test.py PASSED
2025-08-06 07:42:45,975 - INFO - ğŸš€ Running scripts/ci/t5_summarization_test.py...
2025-08-06 07:42:47,492 - ERROR - âŒ scripts/ci/t5_summarization_test.py FAILED
2025-08-06 07:42:47,492 - ERROR - Error output: INFO:__main__:ğŸš€ Starting T5 Model Tests...
INFO:__main__:ğŸ§ª Running T5 Model Loading...
INFO:__main__:ğŸ¤– Testing T5 summarization model loading...
INFO:models.summarization.t5_summarizer:Initializing {self.model_name} summarization model...
ERROR:__main__:âŒ T5 model loading failed: 
T5Tokenizer requires the SentencePiece library but it was not found in your environment. Checkout the instructions on the
installation page of its repo: https://github.com/google/sentencepiece#installation and follow the ones
that match your environment. Please note that you may need to restart your runtime after installation.

ERROR:__main__:âŒ T5 Model Loading failed
INFO:__main__:ğŸ§ª Running T5 Summarization...
INFO:__main__:ğŸ“ Testing T5 summarization functionality...
INFO:models.summarization.t5_summarizer:Initializing {self.model_name} summarization model...
ERROR:__main__:âŒ T5 summarization test failed: 
T5Tokenizer requires the SentencePiece library but it was not found in your environment. Checkout the instructions on the
installation page of its repo: https://github.com/google/sentencepiece#installation and follow the ones
that match your environment. Please note that you may need to restart your runtime after installation.

ERROR:__main__:âŒ T5 Summarization failed
INFO:__main__:ğŸ“Š Test Results: 0/2 tests passed
ERROR:__main__:ğŸ’¥ Some T5 model tests failed!

2025-08-06 07:42:47,492 - ERROR - âŒ t5_summarization_test failed, but continuing...
2025-08-06 07:42:47,492 - INFO - ğŸš€ Running scripts/ci/whisper_transcription_test.py...
2025-08-06 07:42:47,811 - ERROR - âŒ scripts/ci/whisper_transcription_test.py FAILED
2025-08-06 07:42:47,811 - ERROR - Error output: INFO:__main__:ğŸš€ Starting Whisper Transcription Tests...
INFO:__main__:
==================================================
INFO:__main__:Running: Whisper Imports
INFO:__main__:==================================================
INFO:__main__:ğŸ” Testing Whisper imports...
ERROR:__main__:âŒ Whisper import test failed: No module named 'src'
ERROR:__main__:âŒ Whisper Imports: FAILED
INFO:__main__:
==================================================
INFO:__main__:Running: Whisper Instantiation
INFO:__main__:==================================================
INFO:__main__:ğŸ¤– Testing WhisperTranscriber instantiation...
ERROR:__main__:âŒ WhisperTranscriber instantiation failed: No module named 'src'
ERROR:__main__:âŒ Whisper Instantiation: FAILED
INFO:__main__:
==================================================
INFO:__main__:Running: Audio Preprocessor
INFO:__main__:==================================================
INFO:__main__:ğŸµ Testing AudioPreprocessor...
ERROR:__main__:âŒ AudioPreprocessor test failed: No module named 'src'
ERROR:__main__:âŒ Audio Preprocessor: FAILED
INFO:__main__:
==================================================
INFO:__main__:Running: Minimal Transcription
INFO:__main__:==================================================
INFO:__main__:ğŸ¤ Testing minimal transcription...
ERROR:__main__:âŒ Transcription test failed: No module named 'src'
ERROR:__main__:âŒ Minimal Transcription: FAILED
INFO:__main__:
==================================================
INFO:__main__:Whisper Transcription Tests Results: 0/4 tests passed
INFO:__main__:==================================================
ERROR:__main__:ğŸ’¥ Some Whisper transcription tests failed!

2025-08-06 07:42:47,812 - ERROR - âŒ whisper_transcription_test failed, but continuing...
2025-08-06 07:42:47,812 - INFO - ğŸš€ Running scripts/ci/model_calibration_test.py...
2025-08-06 07:42:50,856 - INFO - âœ… scripts/ci/model_calibration_test.py PASSED
2025-08-06 07:42:50,856 - INFO - ğŸš€ Running scripts/ci/onnx_conversion_test.py...
2025-08-06 07:42:51,084 - INFO - âœ… scripts/ci/onnx_conversion_test.py PASSED
2025-08-06 07:42:51,084 - INFO - ğŸ§ª Running unit tests...
2025-08-06 07:42:56,598 - ERROR - âŒ Unit tests FAILED
2025-08-06 07:42:56,599 - ERROR - Error output: 
2025-08-06 07:42:56,599 - INFO - ğŸ¯ Running E2E tests...
2025-08-06 07:43:00,162 - ERROR - âŒ E2E tests FAILED
2025-08-06 07:43:00,163 - ERROR - Error output: 
2025-08-06 07:43:00,163 - INFO - ğŸ–¥ï¸ Testing GPU compatibility...
2025-08-06 07:43:00,163 - INFO - â„¹ï¸ No GPU available, skipping GPU tests
2025-08-06 07:43:00,163 - INFO - âš¡ Running performance benchmarks...
2025-08-06 07:43:03,140 - INFO - âœ… Model loading time: 0.64s
2025-08-06 07:43:03,141 - INFO - âœ… Inference time: 2.34s
2025-08-06 07:43:03,141 - ERROR - âŒ Performance too slow - loading: 0.64s, inference: 2.34s
2025-08-06 07:43:03,152 - INFO - ğŸ“Š Generating CI Report
2025-08-06 07:43:03,152 - INFO - ============================================================
2025-08-06 07:43:03,153 - ERROR - âŒ CI Pipeline failed!
2025-08-06 07:43:44,852 - INFO - ğŸš€ Starting Comprehensive CI Pipeline
2025-08-06 07:43:44,852 - INFO - ============================================================
2025-08-06 07:43:44,852 - INFO - ğŸ” Detecting environment...
2025-08-06 07:43:46,485 - INFO - ğŸ’» Running in local environment
2025-08-06 07:43:46,485 - INFO - ğŸ“Š Environment: {'platform': 'darwin', 'python_version': '3.8.6rc1 (v3.8.6rc1:08bd63da6e, Sep  7 2020, 16:14:12) \n[Clang 6.0 (clang-600.0.57)]', 'is_colab': False, 'gpu_available': False, 'conda_env': 'base'}
2025-08-06 07:43:46,485 - INFO - ğŸ“¦ Validating dependencies...
2025-08-06 07:43:46,485 - INFO - âœ… torch available
2025-08-06 07:43:46,684 - INFO - âœ… transformers available
2025-08-06 07:43:46,985 - INFO - âœ… fastapi available
2025-08-06 07:43:46,985 - INFO - âœ… pydantic available
2025-08-06 07:43:47,511 - INFO - PyTorch version 2.2.2 available.
2025-08-06 07:43:47,729 - INFO - âœ… datasets available
2025-08-06 07:43:47,745 - INFO - âœ… tokenizers available
2025-08-06 07:43:47,745 - INFO - âœ… numpy available
2025-08-06 07:43:47,745 - INFO - âœ… pandas available
2025-08-06 07:43:47,745 - INFO - âœ… All dependencies validated
2025-08-06 07:43:47,745 - INFO - ğŸš€ Running scripts/ci/api_health_check.py...
2025-08-06 07:43:47,976 - INFO - âœ… scripts/ci/api_health_check.py PASSED
2025-08-06 07:43:47,977 - INFO - ğŸš€ Running scripts/ci/bert_model_test.py...
2025-08-06 07:43:52,329 - INFO - âœ… scripts/ci/bert_model_test.py PASSED
2025-08-06 07:43:52,329 - INFO - ğŸš€ Running scripts/ci/t5_summarization_test.py...
2025-08-06 07:43:54,183 - INFO - âœ… scripts/ci/t5_summarization_test.py PASSED
2025-08-06 07:43:54,183 - INFO - ğŸš€ Running scripts/ci/whisper_transcription_test.py...
2025-08-06 07:43:54,504 - ERROR - âŒ scripts/ci/whisper_transcription_test.py FAILED
2025-08-06 07:43:54,504 - ERROR - Error output: INFO:__main__:ğŸš€ Starting Whisper Transcription Tests...
INFO:__main__:
==================================================
INFO:__main__:Running: Whisper Imports
INFO:__main__:==================================================
INFO:__main__:ğŸ” Testing Whisper imports...
ERROR:__main__:âŒ Whisper import test failed: No module named 'src'
ERROR:__main__:âŒ Whisper Imports: FAILED
INFO:__main__:
==================================================
INFO:__main__:Running: Whisper Instantiation
INFO:__main__:==================================================
INFO:__main__:ğŸ¤– Testing WhisperTranscriber instantiation...
ERROR:__main__:âŒ WhisperTranscriber instantiation failed: No module named 'src'
ERROR:__main__:âŒ Whisper Instantiation: FAILED
INFO:__main__:
==================================================
INFO:__main__:Running: Audio Preprocessor
INFO:__main__:==================================================
INFO:__main__:ğŸµ Testing AudioPreprocessor...
ERROR:__main__:âŒ AudioPreprocessor test failed: No module named 'src'
ERROR:__main__:âŒ Audio Preprocessor: FAILED
INFO:__main__:
==================================================
INFO:__main__:Running: Minimal Transcription
INFO:__main__:==================================================
INFO:__main__:ğŸ¤ Testing minimal transcription...
ERROR:__main__:âŒ Transcription test failed: No module named 'src'
ERROR:__main__:âŒ Minimal Transcription: FAILED
INFO:__main__:
==================================================
INFO:__main__:Whisper Transcription Tests Results: 0/4 tests passed
INFO:__main__:==================================================
ERROR:__main__:ğŸ’¥ Some Whisper transcription tests failed!

2025-08-06 07:43:54,504 - ERROR - âŒ whisper_transcription_test failed, but continuing...
2025-08-06 07:43:54,504 - INFO - ğŸš€ Running scripts/ci/model_calibration_test.py...
2025-08-06 07:43:57,497 - INFO - âœ… scripts/ci/model_calibration_test.py PASSED
2025-08-06 07:43:57,497 - INFO - ğŸš€ Running scripts/ci/onnx_conversion_test.py...
2025-08-06 07:43:57,722 - INFO - âœ… scripts/ci/onnx_conversion_test.py PASSED
2025-08-06 07:43:57,722 - INFO - ğŸ§ª Running unit tests...
2025-08-06 07:44:03,224 - ERROR - âŒ Unit tests FAILED
2025-08-06 07:44:03,225 - ERROR - Error output: 
2025-08-06 07:44:03,226 - INFO - ğŸ¯ Running E2E tests...
2025-08-06 07:44:06,833 - ERROR - âŒ E2E tests FAILED
2025-08-06 07:44:06,834 - ERROR - Error output: 
2025-08-06 07:44:06,834 - INFO - ğŸ–¥ï¸ Testing GPU compatibility...
2025-08-06 07:44:06,834 - INFO - â„¹ï¸ No GPU available, skipping GPU tests
2025-08-06 07:44:06,834 - INFO - âš¡ Running performance benchmarks...
2025-08-06 07:44:09,780 - INFO - âœ… Model loading time: 0.60s
2025-08-06 07:44:09,780 - INFO - âœ… Inference time: 2.34s
2025-08-06 07:44:09,780 - INFO - âœ… Performance benchmarks passed
2025-08-06 07:44:09,792 - INFO - ğŸ“Š Generating CI Report
2025-08-06 07:44:09,792 - INFO - ============================================================
2025-08-06 07:44:09,792 - ERROR - âŒ CI Pipeline failed!
2025-08-06 07:47:00,144 - INFO - ğŸš€ Starting Comprehensive CI Pipeline
2025-08-06 07:47:00,145 - INFO - ============================================================
2025-08-06 07:47:00,145 - INFO - ğŸ” Detecting environment...
2025-08-06 07:47:00,968 - INFO - ğŸ’» Running in local environment
2025-08-06 07:47:00,968 - INFO - ğŸ“Š Environment: {'platform': 'darwin', 'python_version': '3.8.6rc1 (v3.8.6rc1:08bd63da6e, Sep  7 2020, 16:14:12) \n[Clang 6.0 (clang-600.0.57)]', 'is_colab': False, 'gpu_available': False, 'conda_env': 'base'}
2025-08-06 07:47:00,968 - INFO - ğŸ“¦ Validating dependencies...
2025-08-06 07:47:00,968 - INFO - âœ… torch available
2025-08-06 07:47:01,163 - INFO - âœ… transformers available
2025-08-06 07:47:01,435 - INFO - âœ… fastapi available
2025-08-06 07:47:01,435 - INFO - âœ… pydantic available
2025-08-06 07:47:01,991 - INFO - PyTorch version 2.2.2 available.
2025-08-06 07:47:02,221 - INFO - âœ… datasets available
2025-08-06 07:47:02,236 - INFO - âœ… tokenizers available
2025-08-06 07:47:02,236 - INFO - âœ… numpy available
2025-08-06 07:47:02,236 - INFO - âœ… pandas available
2025-08-06 07:47:02,236 - INFO - âœ… All dependencies validated
2025-08-06 07:47:02,236 - INFO - ğŸš€ Running scripts/ci/api_health_check.py...
2025-08-06 07:47:02,467 - INFO - âœ… scripts/ci/api_health_check.py PASSED
2025-08-06 07:47:02,468 - INFO - ğŸš€ Running scripts/ci/bert_model_test.py...
2025-08-06 07:47:07,804 - INFO - âœ… scripts/ci/bert_model_test.py PASSED
2025-08-06 07:47:07,804 - INFO - ğŸš€ Running scripts/ci/t5_summarization_test.py...
2025-08-06 07:47:09,300 - INFO - âœ… scripts/ci/t5_summarization_test.py PASSED
2025-08-06 07:47:09,301 - INFO - ğŸš€ Running scripts/ci/whisper_transcription_test.py...
2025-08-06 07:47:09,620 - ERROR - âŒ scripts/ci/whisper_transcription_test.py FAILED
2025-08-06 07:47:09,621 - ERROR - Error output: INFO:__main__:ğŸš€ Starting Whisper Transcription Tests...
INFO:__main__:
==================================================
INFO:__main__:Running: Whisper Imports
INFO:__main__:==================================================
INFO:__main__:ğŸ” Testing Whisper imports...
ERROR:__main__:âŒ Whisper import test failed: No module named 'src'
ERROR:__main__:âŒ Whisper Imports: FAILED
INFO:__main__:
==================================================
INFO:__main__:Running: Whisper Instantiation
INFO:__main__:==================================================
INFO:__main__:ğŸ¤– Testing WhisperTranscriber instantiation...
ERROR:__main__:âŒ WhisperTranscriber instantiation failed: No module named 'src'
ERROR:__main__:âŒ Whisper Instantiation: FAILED
INFO:__main__:
==================================================
INFO:__main__:Running: Audio Preprocessor
INFO:__main__:==================================================
INFO:__main__:ğŸµ Testing AudioPreprocessor...
ERROR:__main__:âŒ AudioPreprocessor test failed: No module named 'src'
ERROR:__main__:âŒ Audio Preprocessor: FAILED
INFO:__main__:
==================================================
INFO:__main__:Running: Minimal Transcription
INFO:__main__:==================================================
INFO:__main__:ğŸ¤ Testing minimal transcription...
ERROR:__main__:âŒ Transcription test failed: No module named 'src'
ERROR:__main__:âŒ Minimal Transcription: FAILED
INFO:__main__:
==================================================
INFO:__main__:Whisper Transcription Tests Results: 0/4 tests passed
INFO:__main__:==================================================
ERROR:__main__:ğŸ’¥ Some Whisper transcription tests failed!

2025-08-06 07:47:09,621 - ERROR - âŒ whisper_transcription_test failed, but continuing...
2025-08-06 07:47:09,621 - INFO - ğŸš€ Running scripts/ci/model_calibration_test.py...
2025-08-06 07:47:12,664 - INFO - âœ… scripts/ci/model_calibration_test.py PASSED
2025-08-06 07:47:12,664 - INFO - ğŸš€ Running scripts/ci/onnx_conversion_test.py...
2025-08-06 07:47:12,896 - INFO - âœ… scripts/ci/onnx_conversion_test.py PASSED
2025-08-06 07:47:12,896 - INFO - ğŸ§ª Running unit tests...
2025-08-06 07:47:18,192 - ERROR - âŒ Unit tests FAILED
2025-08-06 07:47:18,193 - ERROR - Error output: 
2025-08-06 07:47:18,193 - INFO - ğŸ¯ Running E2E tests...
2025-08-06 07:47:21,783 - ERROR - âŒ E2E tests FAILED
2025-08-06 07:47:21,783 - ERROR - Error output: 
2025-08-06 07:47:21,783 - INFO - ğŸ–¥ï¸ Testing GPU compatibility...
2025-08-06 07:47:21,783 - INFO - â„¹ï¸ No GPU available, skipping GPU tests
2025-08-06 07:47:21,783 - INFO - âš¡ Running performance benchmarks...
2025-08-06 07:47:24,721 - INFO - âœ… Model loading time: 0.63s
2025-08-06 07:47:24,721 - INFO - âœ… Inference time: 2.31s
2025-08-06 07:47:24,721 - INFO - âœ… Performance benchmarks passed
2025-08-06 07:47:24,733 - INFO - ğŸ“Š Generating CI Report
2025-08-06 07:47:24,733 - INFO - ============================================================
2025-08-06 07:47:24,733 - ERROR - âŒ CI Pipeline failed!
2025-08-06 08:34:30,545 - INFO - ğŸš€ Starting Comprehensive CI Pipeline
2025-08-06 08:34:30,546 - INFO - ============================================================
2025-08-06 08:34:30,546 - INFO - ğŸ” Detecting environment...
2025-08-06 08:34:42,394 - INFO - ğŸ’» Running in local environment
2025-08-06 08:34:42,395 - INFO - ğŸ“Š Environment: {'platform': 'darwin', 'python_version': '3.8.6rc1 (v3.8.6rc1:08bd63da6e, Sep  7 2020, 16:14:12) \n[Clang 6.0 (clang-600.0.57)]', 'is_colab': False, 'gpu_available': False, 'conda_env': 'base'}
2025-08-06 08:34:42,395 - INFO - ğŸ“¦ Validating dependencies...
2025-08-06 08:34:42,395 - INFO - âœ… torch available
2025-08-06 08:34:43,179 - INFO - âœ… transformers available
2025-08-06 08:34:43,705 - INFO - âœ… fastapi available
2025-08-06 08:34:43,705 - INFO - âœ… pydantic available
2025-08-06 08:34:45,521 - INFO - PyTorch version 2.2.2 available.
2025-08-06 08:34:46,459 - INFO - âœ… datasets available
2025-08-06 08:34:46,548 - INFO - âœ… tokenizers available
2025-08-06 08:34:46,549 - INFO - âœ… numpy available
2025-08-06 08:34:46,549 - INFO - âœ… pandas available
2025-08-06 08:34:46,549 - INFO - âœ… All dependencies validated
2025-08-06 08:34:46,549 - INFO - ğŸš€ Running scripts/ci/api_health_check.py...
2025-08-06 08:34:46,787 - INFO - âœ… scripts/ci/api_health_check.py PASSED
2025-08-06 08:34:46,788 - INFO - ğŸš€ Running scripts/ci/bert_model_test.py...
2025-08-06 08:34:54,379 - INFO - âœ… scripts/ci/bert_model_test.py PASSED
2025-08-06 08:34:54,379 - INFO - ğŸš€ Running scripts/ci/t5_summarization_test.py...
2025-08-06 08:34:56,059 - INFO - âœ… scripts/ci/t5_summarization_test.py PASSED
2025-08-06 08:34:56,059 - INFO - ğŸš€ Running scripts/ci/whisper_transcription_test.py...
2025-08-06 08:34:56,408 - ERROR - âŒ scripts/ci/whisper_transcription_test.py FAILED
2025-08-06 08:34:56,408 - ERROR - Error output: INFO:__main__:ğŸš€ Starting Whisper Transcription Tests...
INFO:__main__:
==================================================
INFO:__main__:Running: Whisper Imports
INFO:__main__:==================================================
INFO:__main__:ğŸ” Testing Whisper imports...
ERROR:__main__:âŒ Whisper import test failed: No module named 'src'
ERROR:__main__:âŒ Whisper Imports: FAILED
INFO:__main__:
==================================================
INFO:__main__:Running: Whisper Instantiation
INFO:__main__:==================================================
INFO:__main__:ğŸ¤– Testing WhisperTranscriber instantiation...
ERROR:__main__:âŒ WhisperTranscriber instantiation failed: No module named 'src'
ERROR:__main__:âŒ Whisper Instantiation: FAILED
INFO:__main__:
==================================================
INFO:__main__:Running: Audio Preprocessor
INFO:__main__:==================================================
INFO:__main__:ğŸµ Testing AudioPreprocessor...
ERROR:__main__:âŒ AudioPreprocessor test failed: No module named 'src'
ERROR:__main__:âŒ Audio Preprocessor: FAILED
INFO:__main__:
==================================================
INFO:__main__:Running: Minimal Transcription
INFO:__main__:==================================================
INFO:__main__:ğŸ¤ Testing minimal transcription...
ERROR:__main__:âŒ Transcription test failed: No module named 'src'
ERROR:__main__:âŒ Minimal Transcription: FAILED
INFO:__main__:
==================================================
INFO:__main__:Whisper Transcription Tests Results: 0/4 tests passed
INFO:__main__:==================================================
ERROR:__main__:ğŸ’¥ Some Whisper transcription tests failed!

2025-08-06 08:34:56,409 - ERROR - âŒ whisper_transcription_test failed, but continuing...
2025-08-06 08:34:56,409 - INFO - ğŸš€ Running scripts/ci/model_calibration_test.py...
2025-08-06 08:35:00,171 - INFO - âœ… scripts/ci/model_calibration_test.py PASSED
2025-08-06 08:35:00,171 - INFO - ğŸš€ Running scripts/ci/onnx_conversion_test.py...
2025-08-06 08:35:00,403 - INFO - âœ… scripts/ci/onnx_conversion_test.py PASSED
2025-08-06 08:35:00,403 - INFO - ğŸ§ª Running unit tests...
2025-08-06 08:35:09,548 - ERROR - âŒ Unit tests FAILED
2025-08-06 08:35:09,549 - ERROR - Error output: 
2025-08-06 08:35:09,549 - INFO - ğŸ¯ Running E2E tests...
2025-08-06 08:35:13,177 - ERROR - âŒ E2E tests FAILED
2025-08-06 08:35:13,177 - ERROR - Error output: 
2025-08-06 08:35:13,177 - INFO - ğŸ–¥ï¸ Testing GPU compatibility...
2025-08-06 08:35:13,177 - INFO - â„¹ï¸ No GPU available, skipping GPU tests
2025-08-06 08:35:13,177 - INFO - âš¡ Running performance benchmarks...
2025-08-06 08:35:16,124 - INFO - âœ… Model loading time: 0.62s
2025-08-06 08:35:16,124 - INFO - âœ… Inference time: 2.32s
2025-08-06 08:35:16,124 - INFO - âœ… Performance benchmarks passed
2025-08-06 08:35:16,135 - INFO - ğŸ“Š Generating CI Report
2025-08-06 08:35:16,135 - INFO - ============================================================
2025-08-06 08:35:16,136 - ERROR - âŒ CI Pipeline failed!
2025-08-06 10:05:37,253 - INFO - ğŸš€ Starting Comprehensive CI Pipeline
2025-08-06 10:05:37,253 - INFO - ============================================================
2025-08-06 10:05:37,253 - INFO - ğŸ” Detecting environment...
2025-08-06 10:05:38,875 - INFO - ğŸ’» Running in local environment
2025-08-06 10:05:38,875 - INFO - ğŸ“Š Environment: {'platform': 'darwin', 'python_version': '3.8.6rc1 (v3.8.6rc1:08bd63da6e, Sep  7 2020, 16:14:12) \n[Clang 6.0 (clang-600.0.57)]', 'is_colab': False, 'gpu_available': False, 'conda_env': 'base'}
2025-08-06 10:05:38,875 - INFO - ğŸ“¦ Validating dependencies...
2025-08-06 10:05:38,875 - INFO - âœ… torch available
2025-08-06 10:05:39,075 - INFO - âœ… transformers available
2025-08-06 10:05:39,382 - INFO - âœ… fastapi available
2025-08-06 10:05:39,382 - INFO - âœ… pydantic available
2025-08-06 10:05:39,938 - INFO - PyTorch version 2.2.2 available.
2025-08-06 10:05:40,198 - INFO - âœ… datasets available
2025-08-06 10:05:40,216 - INFO - âœ… tokenizers available
2025-08-06 10:05:40,216 - INFO - âœ… numpy available
2025-08-06 10:05:40,216 - INFO - âœ… pandas available
2025-08-06 10:05:40,216 - INFO - âœ… All dependencies validated
2025-08-06 10:05:40,216 - INFO - ğŸš€ Running scripts/ci/api_health_check.py...
2025-08-06 10:05:40,455 - INFO - âœ… scripts/ci/api_health_check.py PASSED
2025-08-06 10:05:40,456 - INFO - ğŸš€ Running scripts/ci/bert_model_test.py...
2025-08-06 10:05:44,912 - INFO - âœ… scripts/ci/bert_model_test.py PASSED
2025-08-06 10:05:44,913 - INFO - ğŸš€ Running scripts/ci/t5_summarization_test.py...
2025-08-06 10:05:46,453 - INFO - âœ… scripts/ci/t5_summarization_test.py PASSED
2025-08-06 10:05:46,453 - INFO - ğŸš€ Running scripts/ci/whisper_transcription_test.py...
2025-08-06 10:05:47,625 - ERROR - âŒ scripts/ci/whisper_transcription_test.py FAILED
2025-08-06 10:05:47,626 - ERROR - Error output: INFO:__main__:ğŸš€ Starting Whisper Transcription Tests...
INFO:__main__:
==================================================
INFO:__main__:Running: Whisper Imports
INFO:__main__:==================================================
INFO:__main__:ğŸ” Testing Whisper imports...
ERROR:__main__:âŒ Whisper import test failed: No module named 'src'
ERROR:__main__:âŒ Whisper Imports: FAILED
INFO:__main__:
==================================================
INFO:__main__:Running: Whisper Instantiation
INFO:__main__:==================================================
INFO:__main__:ğŸ¤– Testing WhisperTranscriber instantiation...
ERROR:__main__:âŒ WhisperTranscriber instantiation failed: No module named 'src'
ERROR:__main__:âŒ Whisper Instantiation: FAILED
INFO:__main__:
==================================================
INFO:__main__:Running: Audio Preprocessor
INFO:__main__:==================================================
INFO:__main__:ğŸµ Testing AudioPreprocessor...
ERROR:__main__:âŒ AudioPreprocessor test failed: No module named 'src'
ERROR:__main__:âŒ Audio Preprocessor: FAILED
INFO:__main__:
==================================================
INFO:__main__:Running: Minimal Transcription
INFO:__main__:==================================================
INFO:__main__:ğŸ¤ Testing minimal transcription...
ERROR:__main__:âŒ Transcription test failed: No module named 'src'
ERROR:__main__:âŒ Minimal Transcription: FAILED
INFO:__main__:
==================================================
INFO:__main__:Whisper Transcription Tests Results: 0/4 tests passed
INFO:__main__:==================================================
ERROR:__main__:ğŸ’¥ Some Whisper transcription tests failed!

2025-08-06 10:05:47,626 - ERROR - âŒ whisper_transcription_test failed, but continuing...
2025-08-06 10:05:47,626 - INFO - ğŸš€ Running scripts/ci/model_calibration_test.py...
2025-08-06 10:05:50,680 - INFO - âœ… scripts/ci/model_calibration_test.py PASSED
2025-08-06 10:05:50,681 - INFO - ğŸš€ Running scripts/ci/onnx_conversion_test.py...
2025-08-06 10:05:50,912 - INFO - âœ… scripts/ci/onnx_conversion_test.py PASSED
2025-08-06 10:05:50,912 - INFO - ğŸ§ª Running unit tests...
2025-08-06 10:05:59,956 - INFO - âœ… Unit tests PASSED
2025-08-06 10:05:59,957 - INFO - ğŸ¯ Running E2E tests...
2025-08-06 10:06:03,680 - ERROR - âŒ E2E tests FAILED
2025-08-06 10:06:03,680 - ERROR - Error output: 
2025-08-06 10:06:03,680 - INFO - ğŸ–¥ï¸ Testing GPU compatibility...
2025-08-06 10:06:03,680 - INFO - â„¹ï¸ No GPU available, skipping GPU tests
2025-08-06 10:06:03,680 - INFO - âš¡ Running performance benchmarks...
2025-08-06 10:06:07,198 - INFO - âœ… Model loading time: 0.74s
2025-08-06 10:06:07,199 - INFO - âœ… Inference time: 2.78s
2025-08-06 10:06:07,199 - INFO - âœ… Performance benchmarks passed
2025-08-06 10:06:07,213 - INFO - ğŸ“Š Generating CI Report
2025-08-06 10:06:07,213 - INFO - ============================================================
2025-08-06 10:06:07,213 - ERROR - âŒ CI Pipeline failed!
2025-08-06 10:08:44,987 - INFO - ğŸš€ Starting Comprehensive CI Pipeline
2025-08-06 10:08:44,987 - INFO - ============================================================
2025-08-06 10:08:44,987 - INFO - ğŸ” Detecting environment...
2025-08-06 10:08:45,798 - INFO - ğŸ’» Running in local environment
2025-08-06 10:08:45,798 - INFO - ğŸ“Š Environment: {'platform': 'darwin', 'python_version': '3.8.6rc1 (v3.8.6rc1:08bd63da6e, Sep  7 2020, 16:14:12) \n[Clang 6.0 (clang-600.0.57)]', 'is_colab': False, 'gpu_available': False, 'conda_env': 'base'}
2025-08-06 10:08:45,798 - INFO - ğŸ“¦ Validating dependencies...
2025-08-06 10:08:45,798 - INFO - âœ… torch available
2025-08-06 10:08:45,981 - INFO - âœ… transformers available
2025-08-06 10:08:46,284 - INFO - âœ… fastapi available
2025-08-06 10:08:46,284 - INFO - âœ… pydantic available
2025-08-06 10:08:46,823 - INFO - PyTorch version 2.2.2 available.
2025-08-06 10:08:47,040 - INFO - âœ… datasets available
2025-08-06 10:08:47,054 - INFO - âœ… tokenizers available
2025-08-06 10:08:47,055 - INFO - âœ… numpy available
2025-08-06 10:08:47,055 - INFO - âœ… pandas available
2025-08-06 10:08:47,055 - INFO - âœ… All dependencies validated
2025-08-06 10:08:47,055 - INFO - ğŸš€ Running scripts/ci/api_health_check.py...
2025-08-06 10:08:47,288 - INFO - âœ… scripts/ci/api_health_check.py PASSED
2025-08-06 10:08:47,288 - INFO - ğŸš€ Running scripts/ci/bert_model_test.py...
2025-08-06 10:08:51,590 - INFO - âœ… scripts/ci/bert_model_test.py PASSED
2025-08-06 10:08:51,591 - INFO - ğŸš€ Running scripts/ci/t5_summarization_test.py...
2025-08-06 10:08:53,113 - INFO - âœ… scripts/ci/t5_summarization_test.py PASSED
2025-08-06 10:08:53,113 - INFO - ğŸš€ Running scripts/ci/whisper_transcription_test.py...
2025-08-06 10:08:54,540 - ERROR - âŒ scripts/ci/whisper_transcription_test.py FAILED
2025-08-06 10:08:54,540 - ERROR - Error output: INFO:__main__:ğŸš€ Starting Whisper Transcription Tests...
INFO:__main__:
==================================================
INFO:__main__:Running: Whisper Imports
INFO:__main__:==================================================
INFO:__main__:ğŸ” Testing Whisper imports...
ERROR:__main__:âŒ Whisper import test failed: unsupported operand type(s) for |: 'type' and 'type'
ERROR:__main__:âŒ Whisper Imports: FAILED
INFO:__main__:
==================================================
INFO:__main__:Running: Whisper Instantiation
INFO:__main__:==================================================
INFO:__main__:ğŸ¤– Testing WhisperTranscriber instantiation...
ERROR:__main__:âŒ WhisperTranscriber instantiation failed: unsupported operand type(s) for |: 'type' and 'type'
ERROR:__main__:âŒ Whisper Instantiation: FAILED
INFO:__main__:
==================================================
INFO:__main__:Running: Audio Preprocessor
INFO:__main__:==================================================
INFO:__main__:ğŸµ Testing AudioPreprocessor...
INFO:__main__:âœ… Generated test audio: /var/folders/xd/br2hc8gx6bl8bkt69rr5s5lm0000gn/T/tmpsy_bniqx.wav
INFO:__main__:âœ… AudioPreprocessor test passed
INFO:__main__:âœ… Audio Preprocessor: PASSED
INFO:__main__:
==================================================
INFO:__main__:Running: Minimal Transcription
INFO:__main__:==================================================
INFO:__main__:ğŸ¤ Testing minimal transcription...
ERROR:__main__:âŒ Transcription test failed: unsupported operand type(s) for |: 'type' and 'type'
ERROR:__main__:âŒ Minimal Transcription: FAILED
INFO:__main__:
==================================================
INFO:__main__:Whisper Transcription Tests Results: 1/4 tests passed
INFO:__main__:==================================================
ERROR:__main__:ğŸ’¥ Some Whisper transcription tests failed!

2025-08-06 10:08:54,540 - ERROR - âŒ whisper_transcription_test failed, but continuing...
2025-08-06 10:08:54,541 - INFO - ğŸš€ Running scripts/ci/model_calibration_test.py...
2025-08-06 10:08:57,513 - INFO - âœ… scripts/ci/model_calibration_test.py PASSED
2025-08-06 10:08:57,514 - INFO - ğŸš€ Running scripts/ci/onnx_conversion_test.py...
2025-08-06 10:08:57,704 - INFO - âœ… scripts/ci/onnx_conversion_test.py PASSED
2025-08-06 10:08:57,705 - INFO - ğŸ§ª Running unit tests...
2025-08-06 10:09:07,452 - INFO - âœ… Unit tests PASSED
2025-08-06 10:09:07,453 - INFO - ğŸ¯ Running E2E tests...
2025-08-06 10:09:11,598 - ERROR - âŒ E2E tests FAILED
2025-08-06 10:09:11,598 - ERROR - Error output: 
2025-08-06 10:09:11,598 - INFO - ğŸ–¥ï¸ Testing GPU compatibility...
2025-08-06 10:09:11,598 - INFO - â„¹ï¸ No GPU available, skipping GPU tests
2025-08-06 10:09:11,598 - INFO - âš¡ Running performance benchmarks...
2025-08-06 10:09:15,176 - INFO - âœ… Model loading time: 0.74s
2025-08-06 10:09:15,176 - INFO - âœ… Inference time: 2.84s
2025-08-06 10:09:15,176 - INFO - âœ… Performance benchmarks passed
2025-08-06 10:09:15,187 - INFO - ğŸ“Š Generating CI Report
2025-08-06 10:09:15,188 - INFO - ============================================================
2025-08-06 10:09:15,188 - ERROR - âŒ CI Pipeline failed!
2025-08-06 10:11:10,734 - INFO - ğŸš€ Starting Comprehensive CI Pipeline
2025-08-06 10:11:10,735 - INFO - ============================================================
2025-08-06 10:11:10,735 - INFO - ğŸ” Detecting environment...
2025-08-06 10:11:12,440 - INFO - ğŸ’» Running in local environment
2025-08-06 10:11:12,440 - INFO - ğŸ“Š Environment: {'platform': 'darwin', 'python_version': '3.8.6rc1 (v3.8.6rc1:08bd63da6e, Sep  7 2020, 16:14:12) \n[Clang 6.0 (clang-600.0.57)]', 'is_colab': False, 'gpu_available': False, 'conda_env': 'base'}
2025-08-06 10:11:12,440 - INFO - ğŸ“¦ Validating dependencies...
2025-08-06 10:11:12,440 - INFO - âœ… torch available
2025-08-06 10:11:12,647 - INFO - âœ… transformers available
2025-08-06 10:11:12,970 - INFO - âœ… fastapi available
2025-08-06 10:11:12,970 - INFO - âœ… pydantic available
2025-08-06 10:11:13,618 - INFO - PyTorch version 2.2.2 available.
2025-08-06 10:11:13,870 - INFO - âœ… datasets available
2025-08-06 10:11:13,884 - INFO - âœ… tokenizers available
2025-08-06 10:11:13,884 - INFO - âœ… numpy available
2025-08-06 10:11:13,884 - INFO - âœ… pandas available
2025-08-06 10:11:13,884 - INFO - âœ… All dependencies validated
2025-08-06 10:11:13,884 - INFO - ğŸš€ Running scripts/ci/api_health_check.py...
2025-08-06 10:11:14,137 - INFO - âœ… scripts/ci/api_health_check.py PASSED
2025-08-06 10:11:14,137 - INFO - ğŸš€ Running scripts/ci/bert_model_test.py...
2025-08-06 10:11:18,621 - INFO - âœ… scripts/ci/bert_model_test.py PASSED
2025-08-06 10:11:18,621 - INFO - ğŸš€ Running scripts/ci/t5_summarization_test.py...
2025-08-06 10:11:20,155 - INFO - âœ… scripts/ci/t5_summarization_test.py PASSED
2025-08-06 10:11:20,155 - INFO - ğŸš€ Running scripts/ci/whisper_transcription_test.py...
2025-08-06 10:11:25,222 - ERROR - âŒ scripts/ci/whisper_transcription_test.py FAILED
2025-08-06 10:11:25,223 - ERROR - Error output: INFO:__main__:ğŸš€ Starting Whisper Transcription Tests...
INFO:__main__:
==================================================
INFO:__main__:Running: Whisper Imports
INFO:__main__:==================================================
INFO:__main__:ğŸ” Testing Whisper imports...
ERROR:__main__:âŒ Whisper import test failed: No module named 'src'
ERROR:__main__:âŒ Whisper Imports: FAILED
INFO:__main__:
==================================================
INFO:__main__:Running: Whisper Instantiation
INFO:__main__:==================================================
INFO:__main__:ğŸ¤– Testing WhisperTranscriber instantiation...
INFO:models.voice_processing.whisper_transcriber:Initializing Whisper {self.config.model_size} model...
INFO:models.voice_processing.whisper_transcriber:Device: {self.device}
INFO:models.voice_processing.whisper_transcriber:âœ… Whisper {self.config.model_size} model loaded successfully
INFO:__main__:âœ… WhisperTranscriber instantiated successfully
INFO:__main__:âœ… Whisper Instantiation: PASSED
INFO:__main__:
==================================================
INFO:__main__:Running: Audio Preprocessor
INFO:__main__:==================================================
INFO:__main__:ğŸµ Testing AudioPreprocessor...
INFO:__main__:âœ… Generated test audio: /var/folders/xd/br2hc8gx6bl8bkt69rr5s5lm0000gn/T/tmpz6_1sxbg.wav
INFO:__main__:âœ… AudioPreprocessor test passed
INFO:__main__:âœ… Audio Preprocessor: PASSED
INFO:__main__:
==================================================
INFO:__main__:Running: Minimal Transcription
INFO:__main__:==================================================
INFO:__main__:ğŸ¤ Testing minimal transcription...
INFO:__main__:âœ… Generated test audio: /var/folders/xd/br2hc8gx6bl8bkt69rr5s5lm0000gn/T/tmpaccnu0sz.wav
INFO:models.voice_processing.whisper_transcriber:Initializing Whisper {self.config.model_size} model...
INFO:models.voice_processing.whisper_transcriber:Device: {self.device}
INFO:models.voice_processing.whisper_transcriber:âœ… Whisper {self.config.model_size} model loaded successfully
INFO:models.voice_processing.whisper_transcriber:Starting transcription: {audio_path}
INFO:models.voice_processing.whisper_transcriber:Preprocessing audio: {audio_path}
INFO:models.voice_processing.whisper_transcriber:Audio preprocessed: {output_path}
INFO:models.voice_processing.whisper_transcriber:âœ… Transcription complete: {word_count} words, {confidence:.2f} confidence
INFO:models.voice_processing.whisper_transcriber:Processing time: {processing_time:.2f}s, Quality: {audio_quality}
INFO:__main__:âœ… Transcription successful: See you next time!...
INFO:__main__:âœ… Minimal Transcription: PASSED
INFO:__main__:
==================================================
INFO:__main__:Whisper Transcription Tests Results: 3/4 tests passed
INFO:__main__:==================================================
ERROR:__main__:ğŸ’¥ Some Whisper transcription tests failed!

2025-08-06 10:11:25,223 - ERROR - âŒ whisper_transcription_test failed, but continuing...
2025-08-06 10:11:25,223 - INFO - ğŸš€ Running scripts/ci/model_calibration_test.py...
2025-08-06 10:11:28,374 - INFO - âœ… scripts/ci/model_calibration_test.py PASSED
2025-08-06 10:11:28,374 - INFO - ğŸš€ Running scripts/ci/onnx_conversion_test.py...
2025-08-06 10:11:28,564 - INFO - âœ… scripts/ci/onnx_conversion_test.py PASSED
2025-08-06 10:11:28,564 - INFO - ğŸ§ª Running unit tests...
2025-08-06 10:11:36,970 - INFO - âœ… Unit tests PASSED
2025-08-06 10:11:36,971 - INFO - ğŸ¯ Running E2E tests...
2025-08-06 10:11:41,311 - ERROR - âŒ E2E tests FAILED
2025-08-06 10:11:41,311 - ERROR - Error output: 
2025-08-06 10:11:41,311 - INFO - ğŸ–¥ï¸ Testing GPU compatibility...
2025-08-06 10:11:41,312 - INFO - â„¹ï¸ No GPU available, skipping GPU tests
2025-08-06 10:11:41,312 - INFO - âš¡ Running performance benchmarks...
2025-08-06 10:11:44,923 - INFO - âœ… Model loading time: 0.77s
2025-08-06 10:11:44,923 - INFO - âœ… Inference time: 2.84s
2025-08-06 10:11:44,923 - INFO - âœ… Performance benchmarks passed
2025-08-06 10:11:44,934 - INFO - ğŸ“Š Generating CI Report
2025-08-06 10:11:44,934 - INFO - ============================================================
2025-08-06 10:11:44,935 - ERROR - âŒ CI Pipeline failed!
2025-08-06 10:13:13,595 - INFO - ğŸš€ Starting Comprehensive CI Pipeline
2025-08-06 10:13:13,595 - INFO - ============================================================
2025-08-06 10:13:13,595 - INFO - ğŸ” Detecting environment...
2025-08-06 10:13:14,663 - INFO - ğŸ’» Running in local environment
2025-08-06 10:13:14,663 - INFO - ğŸ“Š Environment: {'platform': 'darwin', 'python_version': '3.8.6rc1 (v3.8.6rc1:08bd63da6e, Sep  7 2020, 16:14:12) \n[Clang 6.0 (clang-600.0.57)]', 'is_colab': False, 'gpu_available': False, 'conda_env': 'base'}
2025-08-06 10:13:14,663 - INFO - ğŸ“¦ Validating dependencies...
2025-08-06 10:13:14,663 - INFO - âœ… torch available
2025-08-06 10:13:14,843 - INFO - âœ… transformers available
2025-08-06 10:13:15,127 - INFO - âœ… fastapi available
2025-08-06 10:13:15,127 - INFO - âœ… pydantic available
2025-08-06 10:13:15,683 - INFO - PyTorch version 2.2.2 available.
2025-08-06 10:13:15,893 - INFO - âœ… datasets available
2025-08-06 10:13:15,909 - INFO - âœ… tokenizers available
2025-08-06 10:13:15,909 - INFO - âœ… numpy available
2025-08-06 10:13:15,909 - INFO - âœ… pandas available
2025-08-06 10:13:15,909 - INFO - âœ… All dependencies validated
2025-08-06 10:13:15,909 - INFO - ğŸš€ Running scripts/ci/api_health_check.py...
2025-08-06 10:13:16,150 - INFO - âœ… scripts/ci/api_health_check.py PASSED
2025-08-06 10:13:16,151 - INFO - ğŸš€ Running scripts/ci/bert_model_test.py...
2025-08-06 10:13:20,479 - INFO - âœ… scripts/ci/bert_model_test.py PASSED
2025-08-06 10:13:20,479 - INFO - ğŸš€ Running scripts/ci/t5_summarization_test.py...
2025-08-06 10:13:21,975 - INFO - âœ… scripts/ci/t5_summarization_test.py PASSED
2025-08-06 10:13:21,975 - INFO - ğŸš€ Running scripts/ci/whisper_transcription_test.py...
2025-08-06 10:13:26,502 - INFO - âœ… scripts/ci/whisper_transcription_test.py PASSED
2025-08-06 10:13:26,503 - INFO - ğŸš€ Running scripts/ci/model_calibration_test.py...
2025-08-06 10:13:29,620 - INFO - âœ… scripts/ci/model_calibration_test.py PASSED
2025-08-06 10:13:29,620 - INFO - ğŸš€ Running scripts/ci/onnx_conversion_test.py...
2025-08-06 10:13:29,798 - INFO - âœ… scripts/ci/onnx_conversion_test.py PASSED
2025-08-06 10:13:29,798 - INFO - ğŸ§ª Running unit tests...
2025-08-06 10:13:38,217 - ERROR - âŒ Unit tests FAILED
2025-08-06 10:13:38,218 - ERROR - Error output: 
2025-08-06 10:13:38,218 - INFO - ğŸ¯ Running E2E tests...
2025-08-06 10:13:42,587 - INFO - âœ… E2E tests PASSED
2025-08-06 10:13:42,587 - INFO - ğŸ–¥ï¸ Testing GPU compatibility...
2025-08-06 10:13:42,587 - INFO - â„¹ï¸ No GPU available, skipping GPU tests
2025-08-06 10:13:42,587 - INFO - âš¡ Running performance benchmarks...
2025-08-06 10:13:47,147 - INFO - âœ… Model loading time: 0.84s
2025-08-06 10:13:47,147 - INFO - âœ… Inference time: 3.72s
2025-08-06 10:13:47,147 - ERROR - âŒ Performance too slow - loading: 0.84s, inference: 3.72s
2025-08-06 10:13:47,160 - INFO - ğŸ“Š Generating CI Report
2025-08-06 10:13:47,160 - INFO - ============================================================
2025-08-06 10:13:47,160 - ERROR - âŒ CI Pipeline failed!
2025-08-06 10:14:41,392 - INFO - ğŸš€ Starting Comprehensive CI Pipeline
2025-08-06 10:14:41,392 - INFO - ============================================================
2025-08-06 10:14:41,392 - INFO - ğŸ” Detecting environment...
2025-08-06 10:14:42,961 - INFO - ğŸ’» Running in local environment
2025-08-06 10:14:42,961 - INFO - ğŸ“Š Environment: {'platform': 'darwin', 'python_version': '3.8.6rc1 (v3.8.6rc1:08bd63da6e, Sep  7 2020, 16:14:12) \n[Clang 6.0 (clang-600.0.57)]', 'is_colab': False, 'gpu_available': False, 'conda_env': 'base'}
2025-08-06 10:14:42,961 - INFO - ğŸ“¦ Validating dependencies...
2025-08-06 10:14:42,961 - INFO - âœ… torch available
2025-08-06 10:14:43,145 - INFO - âœ… transformers available
2025-08-06 10:14:43,445 - INFO - âœ… fastapi available
2025-08-06 10:14:43,445 - INFO - âœ… pydantic available
2025-08-06 10:14:43,998 - INFO - PyTorch version 2.2.2 available.
2025-08-06 10:14:44,215 - INFO - âœ… datasets available
2025-08-06 10:14:44,228 - INFO - âœ… tokenizers available
2025-08-06 10:14:44,229 - INFO - âœ… numpy available
2025-08-06 10:14:44,229 - INFO - âœ… pandas available
2025-08-06 10:14:44,229 - INFO - âœ… All dependencies validated
2025-08-06 10:14:44,229 - INFO - ğŸš€ Running scripts/ci/api_health_check.py...
2025-08-06 10:14:44,460 - INFO - âœ… scripts/ci/api_health_check.py PASSED
2025-08-06 10:14:44,461 - INFO - ğŸš€ Running scripts/ci/bert_model_test.py...
2025-08-06 10:14:48,741 - INFO - âœ… scripts/ci/bert_model_test.py PASSED
2025-08-06 10:14:48,741 - INFO - ğŸš€ Running scripts/ci/t5_summarization_test.py...
2025-08-06 10:14:50,701 - INFO - âœ… scripts/ci/t5_summarization_test.py PASSED
2025-08-06 10:14:50,701 - INFO - ğŸš€ Running scripts/ci/whisper_transcription_test.py...
2025-08-06 10:14:55,100 - INFO - âœ… scripts/ci/whisper_transcription_test.py PASSED
2025-08-06 10:14:55,101 - INFO - ğŸš€ Running scripts/ci/model_calibration_test.py...
2025-08-06 10:14:58,226 - INFO - âœ… scripts/ci/model_calibration_test.py PASSED
2025-08-06 10:14:58,226 - INFO - ğŸš€ Running scripts/ci/onnx_conversion_test.py...
2025-08-06 10:14:58,413 - INFO - âœ… scripts/ci/onnx_conversion_test.py PASSED
2025-08-06 10:14:58,414 - INFO - ğŸ§ª Running unit tests...
2025-08-06 10:15:06,605 - ERROR - âŒ Unit tests FAILED
2025-08-06 10:15:06,606 - ERROR - Error output: 
2025-08-06 10:15:06,606 - INFO - ğŸ¯ Running E2E tests...
2025-08-06 10:15:10,910 - INFO - âœ… E2E tests PASSED
2025-08-06 10:15:10,910 - INFO - ğŸ–¥ï¸ Testing GPU compatibility...
2025-08-06 10:15:10,910 - INFO - â„¹ï¸ No GPU available, skipping GPU tests
2025-08-06 10:15:10,910 - INFO - âš¡ Running performance benchmarks...
2025-08-06 10:15:14,695 - INFO - âœ… Model loading time: 0.70s
2025-08-06 10:15:14,695 - INFO - âœ… Inference time: 3.08s
2025-08-06 10:15:14,695 - INFO - âœ… Performance benchmarks passed
2025-08-06 10:15:14,708 - INFO - ğŸ“Š Generating CI Report
2025-08-06 10:15:14,708 - INFO - ============================================================
2025-08-06 10:15:14,708 - ERROR - âŒ CI Pipeline failed!
2025-08-06 10:15:55,028 - INFO - ğŸš€ Starting Comprehensive CI Pipeline
2025-08-06 10:15:55,028 - INFO - ============================================================
2025-08-06 10:15:55,028 - INFO - ğŸ” Detecting environment...
2025-08-06 10:15:56,732 - INFO - ğŸ’» Running in local environment
2025-08-06 10:15:56,732 - INFO - ğŸ“Š Environment: {'platform': 'darwin', 'python_version': '3.8.6rc1 (v3.8.6rc1:08bd63da6e, Sep  7 2020, 16:14:12) \n[Clang 6.0 (clang-600.0.57)]', 'is_colab': False, 'gpu_available': False, 'conda_env': 'base'}
2025-08-06 10:15:56,732 - INFO - ğŸ“¦ Validating dependencies...
2025-08-06 10:15:56,732 - INFO - âœ… torch available
2025-08-06 10:15:56,927 - INFO - âœ… transformers available
2025-08-06 10:15:57,226 - INFO - âœ… fastapi available
2025-08-06 10:15:57,226 - INFO - âœ… pydantic available
2025-08-06 10:15:57,795 - INFO - PyTorch version 2.2.2 available.
2025-08-06 10:15:58,042 - INFO - âœ… datasets available
2025-08-06 10:15:58,058 - INFO - âœ… tokenizers available
2025-08-06 10:15:58,058 - INFO - âœ… numpy available
2025-08-06 10:15:58,058 - INFO - âœ… pandas available
2025-08-06 10:15:58,058 - INFO - âœ… All dependencies validated
2025-08-06 10:15:58,059 - INFO - ğŸš€ Running scripts/ci/api_health_check.py...
2025-08-06 10:15:58,300 - INFO - âœ… scripts/ci/api_health_check.py PASSED
2025-08-06 10:15:58,300 - INFO - ğŸš€ Running scripts/ci/bert_model_test.py...
2025-08-06 10:16:03,478 - INFO - âœ… scripts/ci/bert_model_test.py PASSED
2025-08-06 10:16:03,479 - INFO - ğŸš€ Running scripts/ci/t5_summarization_test.py...
2025-08-06 10:16:05,007 - INFO - âœ… scripts/ci/t5_summarization_test.py PASSED
2025-08-06 10:16:05,008 - INFO - ğŸš€ Running scripts/ci/whisper_transcription_test.py...
2025-08-06 10:16:10,102 - INFO - âœ… scripts/ci/whisper_transcription_test.py PASSED
2025-08-06 10:16:10,103 - INFO - ğŸš€ Running scripts/ci/model_calibration_test.py...
2025-08-06 10:16:13,822 - INFO - âœ… scripts/ci/model_calibration_test.py PASSED
2025-08-06 10:16:13,822 - INFO - ğŸš€ Running scripts/ci/onnx_conversion_test.py...
2025-08-06 10:16:14,018 - INFO - âœ… scripts/ci/onnx_conversion_test.py PASSED
2025-08-06 10:16:14,018 - INFO - ğŸ§ª Running unit tests...
2025-08-06 10:16:22,559 - INFO - âœ… Unit tests PASSED
2025-08-06 10:16:22,559 - INFO - ğŸ¯ Running E2E tests...
2025-08-06 10:16:26,662 - INFO - âœ… E2E tests PASSED
2025-08-06 10:16:26,662 - INFO - ğŸ–¥ï¸ Testing GPU compatibility...
2025-08-06 10:16:26,663 - INFO - â„¹ï¸ No GPU available, skipping GPU tests
2025-08-06 10:16:26,663 - INFO - âš¡ Running performance benchmarks...
2025-08-06 10:16:29,562 - INFO - âœ… Model loading time: 0.61s
2025-08-06 10:16:29,563 - INFO - âœ… Inference time: 2.29s
2025-08-06 10:16:29,563 - INFO - âœ… Performance benchmarks passed
2025-08-06 10:16:29,574 - INFO - ğŸ“Š Generating CI Report
2025-08-06 10:16:29,574 - INFO - ============================================================
2025-08-06 10:16:29,575 - INFO - ğŸ‰ CI Pipeline completed successfully!
2025-08-09 22:42:37,553 - INFO - ğŸš€ Starting Comprehensive CI Pipeline
2025-08-09 22:42:37,553 - INFO - ============================================================
2025-08-09 22:42:37,553 - INFO - ğŸ” Detecting environment...
2025-08-09 22:42:37,554 - WARNING - âš ï¸ PyTorch not available for GPU detection
2025-08-09 22:42:37,554 - INFO - ğŸ’» Running in local environment
2025-08-09 22:42:37,554 - INFO - ğŸ“Š Environment: {'platform': 'linux', 'python_version': '3.13.3 (main, Apr  8 2025, 19:55:40) [GCC 14.2.0]', 'is_colab': False, 'gpu_available': False, 'conda_env': 'unknown'}
2025-08-09 22:42:37,554 - INFO - ğŸ“¦ Validating dependencies...
2025-08-09 22:42:37,554 - ERROR - âŒ torch missing
2025-08-09 22:42:37,554 - ERROR - âŒ transformers missing
2025-08-09 22:42:37,554 - ERROR - âŒ fastapi missing
2025-08-09 22:42:37,554 - ERROR - âŒ pydantic missing
2025-08-09 22:42:37,554 - ERROR - âŒ datasets missing
2025-08-09 22:42:37,554 - ERROR - âŒ tokenizers missing
2025-08-09 22:42:37,554 - ERROR - âŒ numpy missing
2025-08-09 22:42:37,554 - ERROR - âŒ pandas missing
2025-08-09 22:42:37,554 - ERROR - âŒ Missing packages: ['torch', 'transformers', 'fastapi', 'pydantic', 'datasets', 'tokenizers', 'numpy', 'pandas']
2025-08-09 22:42:37,554 - INFO - ğŸš€ Running scripts/ci/api_health_check.py...
2025-08-09 22:42:37,602 - ERROR - âŒ scripts/ci/api_health_check.py FAILED
2025-08-09 22:42:37,602 - ERROR - Error output: Traceback (most recent call last):
  File "/workspace/scripts/ci/api_health_check.py", line 18, in <module>
    from pydantic import BaseModel, ValidationError, Field
ModuleNotFoundError: No module named 'pydantic'

2025-08-09 22:42:37,602 - ERROR - âŒ api_health_check failed, but continuing...
2025-08-09 22:42:37,602 - INFO - ğŸš€ Running scripts/ci/bert_model_test.py...
2025-08-09 22:42:37,628 - ERROR - âŒ scripts/ci/bert_model_test.py FAILED
2025-08-09 22:42:37,628 - ERROR - Error output: Traceback (most recent call last):
  File "/workspace/scripts/ci/bert_model_test.py", line 11, in <module>
    import torch
ModuleNotFoundError: No module named 'torch'

2025-08-09 22:42:37,628 - ERROR - âŒ bert_model_test failed, but continuing...
2025-08-09 22:42:37,628 - INFO - ğŸš€ Running scripts/ci/t5_summarization_test.py...
2025-08-09 22:42:37,657 - ERROR - âŒ scripts/ci/t5_summarization_test.py FAILED
2025-08-09 22:42:37,657 - ERROR - Error output: Traceback (most recent call last):
  File "/workspace/scripts/ci/t5_summarization_test.py", line 18, in <module>
    from models.summarization.t5_summarizer import create_t5_summarizer
  File "/workspace/src/models/summarization/__init__.py", line 19, in <module>
    from .dataset_loader import SummarizationDataset, create_summarization_loader
  File "/workspace/src/models/summarization/dataset_loader.py", line 2, in <module>
    from torch.utils.data import Dataset
ModuleNotFoundError: No module named 'torch'

During handling of the above exception, another exception occurred:

Traceback (most recent call last):
  File "/workspace/scripts/ci/t5_summarization_test.py", line 21, in <module>
    from src.models.summarization.t5_summarizer import create_t5_summarizer
ModuleNotFoundError: No module named 'src'

2025-08-09 22:42:37,657 - ERROR - âŒ t5_summarization_test failed, but continuing...
2025-08-09 22:42:37,657 - INFO - ğŸš€ Running scripts/ci/whisper_transcription_test.py...
2025-08-09 22:42:37,680 - ERROR - âŒ scripts/ci/whisper_transcription_test.py FAILED
2025-08-09 22:42:37,680 - ERROR - Error output: Traceback (most recent call last):
  File "/workspace/scripts/ci/whisper_transcription_test.py", line 11, in <module>
    import numpy as np
ModuleNotFoundError: No module named 'numpy'

2025-08-09 22:42:37,680 - ERROR - âŒ whisper_transcription_test failed, but continuing...
2025-08-09 22:42:37,680 - INFO - ğŸš€ Running scripts/ci/model_calibration_test.py...
2025-08-09 22:42:37,707 - ERROR - âŒ scripts/ci/model_calibration_test.py FAILED
2025-08-09 22:42:37,708 - ERROR - Error output: Traceback (most recent call last):
  File "/workspace/scripts/ci/model_calibration_test.py", line 18, in <module>
    import torch
ModuleNotFoundError: No module named 'torch'

2025-08-09 22:42:37,708 - ERROR - âŒ model_calibration_test failed, but continuing...
2025-08-09 22:42:37,708 - INFO - ğŸš€ Running scripts/ci/onnx_conversion_test.py...
2025-08-09 22:42:37,730 - ERROR - âŒ scripts/ci/onnx_conversion_test.py FAILED
2025-08-09 22:42:37,730 - ERROR - Error output: Traceback (most recent call last):
  File "/workspace/scripts/ci/onnx_conversion_test.py", line 10, in <module>
    import numpy as np
ModuleNotFoundError: No module named 'numpy'

2025-08-09 22:42:37,730 - ERROR - âŒ onnx_conversion_test failed, but continuing...
2025-08-09 22:42:37,730 - INFO - ğŸ§ª Running unit tests...
2025-08-09 22:42:37,740 - ERROR - âŒ Unit tests FAILED
2025-08-09 22:42:37,740 - ERROR - Return code: 1
2025-08-09 22:42:37,740 - ERROR - Error output: /usr/bin/python3: No module named pytest

2025-08-09 22:42:37,740 - ERROR - Standard output: 
2025-08-09 22:42:37,740 - INFO - ğŸ¯ Running E2E tests...
2025-08-09 22:42:37,749 - ERROR - âŒ E2E tests FAILED
2025-08-09 22:42:37,749 - ERROR - Error output: /usr/bin/python3: No module named pytest

2025-08-09 22:42:37,749 - INFO - ğŸ–¥ï¸ Testing GPU compatibility...
2025-08-09 22:42:37,749 - ERROR - âŒ GPU compatibility test failed: No module named 'torch'
2025-08-09 22:42:37,749 - INFO - âš¡ Running performance benchmarks...
2025-08-09 22:42:37,749 - ERROR - âŒ Performance benchmark failed: No module named 'torch'
2025-08-09 22:42:37,749 - INFO - ğŸ“Š Generating CI Report
2025-08-09 22:42:37,749 - INFO - ============================================================
2025-08-09 22:42:37,749 - ERROR - âŒ CI Pipeline failed!
2025-08-09 22:47:39,247 - INFO - ğŸš€ Starting Comprehensive CI Pipeline
2025-08-09 22:47:39,247 - INFO - ============================================================
2025-08-09 22:47:39,247 - INFO - ğŸ” Detecting environment...
2025-08-09 22:47:39,248 - WARNING - âš ï¸ PyTorch not available for GPU detection
2025-08-09 22:47:39,248 - INFO - ğŸ’» Running in local environment
2025-08-09 22:47:39,248 - INFO - ğŸ“Š Environment: {'platform': 'linux', 'python_version': '3.13.3 (main, Apr  8 2025, 19:55:40) [GCC 14.2.0]', 'is_colab': False, 'gpu_available': False, 'conda_env': 'unknown'}
2025-08-09 22:47:39,248 - INFO - ğŸ“¦ Validating dependencies...
2025-08-09 22:47:39,248 - ERROR - âŒ torch missing
2025-08-09 22:47:39,248 - ERROR - âŒ transformers missing
2025-08-09 22:47:39,248 - ERROR - âŒ fastapi missing
2025-08-09 22:47:39,248 - ERROR - âŒ pydantic missing
2025-08-09 22:47:39,248 - ERROR - âŒ datasets missing
2025-08-09 22:47:39,248 - ERROR - âŒ tokenizers missing
2025-08-09 22:47:39,248 - ERROR - âŒ numpy missing
2025-08-09 22:47:39,248 - ERROR - âŒ pandas missing
2025-08-09 22:47:39,248 - ERROR - âŒ Missing packages: ['torch', 'transformers', 'fastapi', 'pydantic', 'datasets', 'tokenizers', 'numpy', 'pandas']
2025-08-09 22:47:39,248 - INFO - ğŸš€ Running scripts/ci/api_health_check.py...
2025-08-09 22:47:39,286 - ERROR - âŒ scripts/ci/api_health_check.py FAILED
2025-08-09 22:47:39,286 - ERROR - Error output: Traceback (most recent call last):
  File "/workspace/scripts/ci/api_health_check.py", line 18, in <module>
    from pydantic import BaseModel, ValidationError, Field
ModuleNotFoundError: No module named 'pydantic'

2025-08-09 22:47:39,286 - ERROR - âŒ api_health_check failed, but continuing...
2025-08-09 22:47:39,286 - INFO - ğŸš€ Running scripts/ci/bert_model_test.py...
2025-08-09 22:47:39,309 - ERROR - âŒ scripts/ci/bert_model_test.py FAILED
2025-08-09 22:47:39,309 - ERROR - Error output: Traceback (most recent call last):
  File "/workspace/scripts/ci/bert_model_test.py", line 11, in <module>
    import torch
ModuleNotFoundError: No module named 'torch'

2025-08-09 22:47:39,309 - ERROR - âŒ bert_model_test failed, but continuing...
2025-08-09 22:47:39,309 - INFO - ğŸš€ Running scripts/ci/t5_summarization_test.py...
2025-08-09 22:47:39,343 - ERROR - âŒ scripts/ci/t5_summarization_test.py FAILED
2025-08-09 22:47:39,343 - ERROR - Error output: Traceback (most recent call last):
  File "/workspace/scripts/ci/t5_summarization_test.py", line 18, in <module>
    from models.summarization.t5_summarizer import create_t5_summarizer
  File "/workspace/src/models/summarization/__init__.py", line 19, in <module>
    from .dataset_loader import SummarizationDataset, create_summarization_loader
  File "/workspace/src/models/summarization/dataset_loader.py", line 2, in <module>
    from torch.utils.data import Dataset
ModuleNotFoundError: No module named 'torch'

During handling of the above exception, another exception occurred:

Traceback (most recent call last):
  File "/workspace/scripts/ci/t5_summarization_test.py", line 21, in <module>
    from src.models.summarization.t5_summarizer import create_t5_summarizer
ModuleNotFoundError: No module named 'src'

2025-08-09 22:47:39,343 - ERROR - âŒ t5_summarization_test failed, but continuing...
2025-08-09 22:47:39,343 - INFO - ğŸš€ Running scripts/ci/whisper_transcription_test.py...
2025-08-09 22:47:39,365 - ERROR - âŒ scripts/ci/whisper_transcription_test.py FAILED
2025-08-09 22:47:39,366 - ERROR - Error output: Traceback (most recent call last):
  File "/workspace/scripts/ci/whisper_transcription_test.py", line 11, in <module>
    import numpy as np
ModuleNotFoundError: No module named 'numpy'

2025-08-09 22:47:39,366 - ERROR - âŒ whisper_transcription_test failed, but continuing...
2025-08-09 22:47:39,366 - INFO - ğŸš€ Running scripts/ci/model_calibration_test.py...
2025-08-09 22:47:39,392 - ERROR - âŒ scripts/ci/model_calibration_test.py FAILED
2025-08-09 22:47:39,392 - ERROR - Error output: Traceback (most recent call last):
  File "/workspace/scripts/ci/model_calibration_test.py", line 18, in <module>
    import torch
ModuleNotFoundError: No module named 'torch'

2025-08-09 22:47:39,392 - ERROR - âŒ model_calibration_test failed, but continuing...
2025-08-09 22:47:39,392 - INFO - ğŸš€ Running scripts/ci/onnx_conversion_test.py...
2025-08-09 22:47:39,420 - ERROR - âŒ scripts/ci/onnx_conversion_test.py FAILED
2025-08-09 22:47:39,420 - ERROR - Error output: Traceback (most recent call last):
  File "/workspace/scripts/ci/onnx_conversion_test.py", line 10, in <module>
    import numpy as np
ModuleNotFoundError: No module named 'numpy'

2025-08-09 22:47:39,420 - ERROR - âŒ onnx_conversion_test failed, but continuing...
2025-08-09 22:47:39,420 - INFO - ğŸ§ª Running unit tests...
2025-08-09 22:47:39,429 - ERROR - âŒ Unit tests FAILED
2025-08-09 22:47:39,429 - ERROR - Return code: 1
2025-08-09 22:47:39,429 - ERROR - Error output: /usr/bin/python3: No module named pytest

2025-08-09 22:47:39,429 - ERROR - Standard output: 
2025-08-09 22:47:39,429 - INFO - ğŸ¯ Running E2E tests...
2025-08-09 22:47:39,438 - ERROR - âŒ E2E tests FAILED
2025-08-09 22:47:39,438 - ERROR - Error output: /usr/bin/python3: No module named pytest

2025-08-09 22:47:39,438 - INFO - ğŸ–¥ï¸ Testing GPU compatibility...
2025-08-09 22:47:39,438 - ERROR - âŒ GPU compatibility test failed: No module named 'torch'
2025-08-09 22:47:39,438 - INFO - âš¡ Running performance benchmarks...
2025-08-09 22:47:39,438 - ERROR - âŒ Performance benchmark failed: No module named 'torch'
2025-08-09 22:47:39,438 - INFO - ğŸ“Š Generating CI Report
2025-08-09 22:47:39,438 - INFO - ============================================================
2025-08-09 22:47:39,438 - ERROR - âŒ CI Pipeline failed!
